TN:
SF:src\components\CrashPreventionWrapper.js
FN:18,(anonymous_0)
FN:36,(anonymous_1)
FN:44,(anonymous_2)
FN:72,(anonymous_3)
FN:84,(anonymous_4)
FN:102,(anonymous_5)
FN:117,(anonymous_6)
FN:149,(anonymous_7)
FN:163,(anonymous_8)
FN:196,(anonymous_9)
FN:212,(anonymous_10)
FN:227,(anonymous_11)
FN:240,(anonymous_12)
FN:249,(anonymous_13)
FN:256,(anonymous_14)
FN:261,(anonymous_15)
FN:267,(anonymous_16)
FN:283,(anonymous_17)
FN:300,(anonymous_18)
FN:314,(anonymous_19)
FN:323,(anonymous_20)
FN:332,(anonymous_21)
FN:347,(anonymous_22)
FN:358,(anonymous_23)
FN:371,(anonymous_24)
FNF:25
FNH:0
FNDA:0,(anonymous_0)
FNDA:0,(anonymous_1)
FNDA:0,(anonymous_2)
FNDA:0,(anonymous_3)
FNDA:0,(anonymous_4)
FNDA:0,(anonymous_5)
FNDA:0,(anonymous_6)
FNDA:0,(anonymous_7)
FNDA:0,(anonymous_8)
FNDA:0,(anonymous_9)
FNDA:0,(anonymous_10)
FNDA:0,(anonymous_11)
FNDA:0,(anonymous_12)
FNDA:0,(anonymous_13)
FNDA:0,(anonymous_14)
FNDA:0,(anonymous_15)
FNDA:0,(anonymous_16)
FNDA:0,(anonymous_17)
FNDA:0,(anonymous_18)
FNDA:0,(anonymous_19)
FNDA:0,(anonymous_20)
FNDA:0,(anonymous_21)
FNDA:0,(anonymous_22)
FNDA:0,(anonymous_23)
FNDA:0,(anonymous_24)
DA:19,0
DA:20,0
DA:30,0
DA:31,0
DA:32,0
DA:33,0
DA:38,0
DA:46,0
DA:49,0
DA:52,0
DA:58,0
DA:61,0
DA:64,0
DA:67,0
DA:69,0
DA:73,0
DA:74,0
DA:76,0
DA:77,0
DA:79,0
DA:80,0
DA:85,0
DA:86,0
DA:88,0
DA:96,0
DA:99,0
DA:102,0
DA:103,0
DA:104,0
DA:105,0
DA:106,0
DA:107,0
DA:113,0
DA:117,0
DA:118,0
DA:119,0
DA:132,0
DA:135,0
DA:141,0
DA:143,0
DA:145,0
DA:149,0
DA:150,0
DA:151,0
DA:152,0
DA:153,0
DA:156,0
DA:157,0
DA:159,0
DA:163,0
DA:164,0
DA:165,0
DA:166,0
DA:170,0
DA:174,0
DA:175,0
DA:176,0
DA:179,0
DA:181,0
DA:183,0
DA:184,0
DA:187,0
DA:188,0
DA:191,0
DA:192,0
DA:196,0
DA:197,0
DA:205,0
DA:207,0
DA:208,0
DA:212,0
DA:213,0
DA:215,0
DA:216,0
DA:217,0
DA:221,0
DA:223,0
DA:227,0
DA:228,0
DA:230,0
DA:231,0
DA:232,0
DA:233,0
DA:236,0
DA:240,0
DA:241,0
DA:243,0
DA:245,0
DA:249,0
DA:250,0
DA:252,0
DA:256,0
DA:257,0
DA:258,0
DA:261,0
DA:264,0
DA:267,0
DA:268,0
DA:271,0
DA:274,0
DA:276,0
DA:279,0
DA:283,0
DA:284,0
DA:288,0
DA:291,0
DA:292,0
DA:293,0
DA:296,0
DA:300,0
DA:301,0
DA:303,0
DA:306,0
DA:307,0
DA:311,0
DA:314,0
DA:315,0
DA:319,0
DA:323,0
DA:324,0
DA:332,0
DA:333,0
DA:347,0
DA:348,0
DA:350,0
DA:351,0
DA:352,0
DA:354,0
DA:358,0
DA:359,0
DA:360,0
DA:361,0
DA:363,0
DA:364,0
DA:367,0
DA:372,0
DA:373,0
DA:441,0
DA:445,0
LF:139
LH:0
BRDA:73,0,0,0
BRDA:73,0,1,0
BRDA:76,1,0,0
BRDA:76,1,1,0
BRDA:79,2,0,0
BRDA:79,2,1,0
BRDA:105,3,0,0
BRDA:105,3,1,0
BRDA:108,4,0,0
BRDA:108,4,1,0
BRDA:152,5,0,0
BRDA:152,5,1,0
BRDA:153,6,0,0
BRDA:153,6,1,0
BRDA:164,7,0,0
BRDA:164,7,1,0
BRDA:170,8,0,0
BRDA:170,8,1,0
BRDA:174,9,0,0
BRDA:174,9,1,0
BRDA:183,10,0,0
BRDA:183,10,1,0
BRDA:187,11,0,0
BRDA:187,11,1,0
BRDA:187,12,0,0
BRDA:187,12,1,0
BRDA:191,13,0,0
BRDA:191,13,1,0
BRDA:191,14,0,0
BRDA:191,14,1,0
BRDA:215,15,0,0
BRDA:215,15,1,0
BRDA:231,16,0,0
BRDA:231,16,1,0
BRDA:231,17,0,0
BRDA:231,17,1,0
BRDA:250,18,0,0
BRDA:250,18,1,0
BRDA:250,19,0,0
BRDA:250,19,1,0
BRDA:274,20,0,0
BRDA:274,20,1,0
BRDA:292,21,0,0
BRDA:292,21,1,0
BRDA:306,22,0,0
BRDA:306,22,1,0
BRDA:361,23,0,0
BRDA:361,23,1,0
BRDA:372,24,0,0
BRDA:372,24,1,0
BRDA:377,25,0,0
BRDA:377,25,1,0
BRDA:381,26,0,0
BRDA:381,26,1,0
BRDA:385,27,0,0
BRDA:385,27,1,0
BRDA:391,28,0,0
BRDA:391,28,1,0
BRDA:391,28,2,0
BRDA:394,29,0,0
BRDA:394,29,1,0
BRDA:403,30,0,0
BRDA:403,30,1,0
BRDA:409,31,0,0
BRDA:409,31,1,0
BRDA:422,32,0,0
BRDA:422,32,1,0
BRDA:422,32,2,0
BRDA:426,33,0,0
BRDA:426,33,1,0
BRDA:428,34,0,0
BRDA:428,34,1,0
BRF:72
BRH:0
end_of_record
TN:
SF:src\components\DataBackupModal.js
FN:22,(anonymous_0)
FN:29,(anonymous_1)
FN:33,(anonymous_2)
FN:69,(anonymous_3)
FN:111,(anonymous_4)
FN:148,(anonymous_5)
FN:152,(anonymous_6)
FN:164,(anonymous_7)
FN:175,(anonymous_8)
FN:202,(anonymous_9)
FNF:10
FNH:0
FNDA:0,(anonymous_0)
FNDA:0,(anonymous_1)
FNDA:0,(anonymous_2)
FNDA:0,(anonymous_3)
FNDA:0,(anonymous_4)
FNDA:0,(anonymous_5)
FNDA:0,(anonymous_6)
FNDA:0,(anonymous_7)
FNDA:0,(anonymous_8)
FNDA:0,(anonymous_9)
DA:22,0
DA:23,0
DA:24,0
DA:25,0
DA:26,0
DA:27,0
DA:29,0
DA:30,0
DA:32,0
DA:33,0
DA:34,0
DA:42,0
DA:51,0
DA:52,0
DA:53,0
DA:54,0
DA:55,0
DA:58,0
DA:62,0
DA:64,0
DA:65,0
DA:69,0
DA:70,0
DA:72,0
DA:73,0
DA:74,0
DA:75,0
DA:76,0
DA:79,0
DA:82,0
DA:83,0
DA:85,0
DA:87,0
DA:88,0
DA:91,0
DA:98,0
DA:104,0
DA:105,0
DA:107,0
DA:111,0
DA:112,0
DA:114,0
DA:115,0
DA:120,0
DA:121,0
DA:124,0
DA:125,0
DA:128,0
DA:131,0
DA:132,0
DA:135,0
DA:136,0
DA:140,0
DA:149,0
DA:151,0
DA:152,0
DA:153,0
DA:158,0
DA:159,0
DA:163,0
DA:164,0
DA:167,0
DA:169,0
DA:177,0
DA:187,0
DA:188,0
DA:195,0
DA:196,0
DA:198,0
DA:202,0
DA:204,0
DA:205,0
DA:206,0
DA:207,0
DA:209,0
DA:239,0
DA:332,0
LF:77
LH:0
BRDA:34,0,0,0
BRDA:34,0,1,0
BRDA:34,0,2,0
BRDA:34,0,3,0
BRDA:34,0,4,0
BRDA:54,1,0,0
BRDA:54,1,1,0
BRDA:70,2,0,0
BRDA:70,2,1,0
BRDA:70,3,0,0
BRDA:70,3,1,0
BRDA:75,4,0,0
BRDA:75,4,1,0
BRDA:85,5,0,0
BRDA:85,5,1,0
BRDA:85,6,0,0
BRDA:85,6,1,0
BRDA:112,7,0,0
BRDA:112,7,1,0
BRDA:112,8,0,0
BRDA:112,8,1,0
BRDA:120,9,0,0
BRDA:120,9,1,0
BRDA:124,10,0,0
BRDA:124,10,1,0
BRDA:135,11,0,0
BRDA:135,11,1,0
BRDA:135,12,0,0
BRDA:135,12,1,0
BRDA:135,12,2,0
BRDA:153,13,0,0
BRDA:153,13,1,0
BRDA:153,13,2,0
BRDA:158,14,0,0
BRDA:158,14,1,0
BRDA:207,15,0,0
BRDA:207,15,1,0
BRDA:219,16,0,0
BRDA:219,16,1,0
BRDA:219,16,2,0
BRDA:231,17,0,0
BRDA:231,17,1,0
BRDA:347,18,0,0
BRDA:347,18,1,0
BRF:44
BRH:0
end_of_record
TN:
SF:src\components\DatabaseDebugModal.js
FN:22,(anonymous_0)
FN:29,(anonymous_1)
FN:41,(anonymous_2)
FN:50,(anonymous_3)
FN:58,(anonymous_4)
FN:78,(anonymous_5)
FN:93,(anonymous_6)
FN:102,(anonymous_7)
FN:217,(anonymous_8)
FNF:9
FNH:0
FNDA:0,(anonymous_0)
FNDA:0,(anonymous_1)
FNDA:0,(anonymous_2)
FNDA:0,(anonymous_3)
FNDA:0,(anonymous_4)
FNDA:0,(anonymous_5)
FNDA:0,(anonymous_6)
FNDA:0,(anonymous_7)
FNDA:0,(anonymous_8)
DA:22,0
DA:23,0
DA:24,0
DA:25,0
DA:27,0
DA:29,0
DA:30,0
DA:31,0
DA:32,0
DA:33,0
DA:35,0
DA:37,0
DA:41,0
DA:42,0
DA:51,0
DA:52,0
DA:53,0
DA:54,0
DA:55,0
DA:59,0
DA:60,0
DA:65,0
DA:68,0
DA:70,0
DA:78,0
DA:79,0
DA:80,0
DA:81,0
DA:82,0
DA:85,0
DA:87,0
DA:89,0
DA:93,0
DA:94,0
DA:103,0
DA:104,0
DA:105,0
DA:106,0
DA:107,0
DA:109,0
DA:112,0
DA:114,0
DA:122,0
DA:217,0
LF:44
LH:0
BRDA:54,0,0,0
BRDA:54,0,1,0
BRDA:59,1,0,0
BRDA:59,1,1,0
BRDA:82,2,0,0
BRDA:82,2,1,0
BRDA:106,3,0,0
BRDA:106,3,1,0
BRDA:177,4,0,0
BRDA:177,4,1,0
BRDA:184,5,0,0
BRDA:184,5,1,0
BRF:12
BRH:0
end_of_record
TN:
SF:src\components\DatabaseInitializationError.js
FN:5,(anonymous_0)
FN:8,(anonymous_1)
FN:19,(anonymous_2)
FN:31,(anonymous_3)
FN:44,(anonymous_4)
FNF:5
FNH:0
FNDA:0,(anonymous_0)
FNDA:0,(anonymous_1)
FNDA:0,(anonymous_2)
FNDA:0,(anonymous_3)
FNDA:0,(anonymous_4)
DA:5,0
DA:6,0
DA:8,0
DA:9,0
DA:10,0
DA:11,0
DA:13,0
DA:15,0
DA:19,0
DA:20,0
DA:21,0
DA:22,0
DA:23,0
DA:24,0
DA:26,0
DA:27,0
DA:31,0
DA:32,0
DA:33,0
DA:35,0
DA:36,0
DA:38,0
DA:39,0
DA:41,0
DA:44,0
DA:45,0
DA:46,0
DA:49,0
DA:103,0
LF:29
LH:0
BRDA:32,0,0,0
BRDA:32,0,1,0
BRDA:35,1,0,0
BRDA:35,1,1,0
BRDA:38,2,0,0
BRDA:38,2,1,0
BRDA:45,3,0,0
BRDA:45,3,1,0
BRDA:46,4,0,0
BRDA:46,4,1,0
BRDA:65,5,0,0
BRDA:65,5,1,0
BRDA:69,6,0,0
BRDA:69,6,1,0
BRDA:77,7,0,0
BRDA:77,7,1,0
BRDA:85,8,0,0
BRDA:85,8,1,0
BRF:18
BRH:0
end_of_record
TN:
SF:src\components\ErrorBoundary.js
FN:14,(anonymous_0)
FN:29,(anonymous_1)
FN:33,(anonymous_2)
FN:42,(anonymous_3)
FN:50,(anonymous_4)
FN:93,(anonymous_5)
FN:138,(anonymous_6)
FN:173,(anonymous_7)
FN:197,(anonymous_8)
FN:222,(anonymous_9)
FN:231,(anonymous_10)
FN:238,(anonymous_11)
FNF:12
FNH:10
FNDA:59,(anonymous_0)
FNDA:33,(anonymous_1)
FNDA:33,(anonymous_2)
FNDA:368,(anonymous_3)
FNDA:184,(anonymous_4)
FNDA:593,(anonymous_5)
FNDA:184,(anonymous_6)
FNDA:25,(anonymous_7)
FNDA:25,(anonymous_8)
FNDA:0,(anonymous_9)
FNDA:0,(anonymous_10)
FNDA:768,(anonymous_11)
DA:15,59
DA:16,59
DA:25,59
DA:26,59
DA:30,33
DA:35,33
DA:36,33
DA:37,0
DA:38,0
DA:44,368
DA:52,184
DA:53,184
DA:54,184
DA:56,180
DA:57,173
DA:58,7
DA:60,3
DA:63,4
DA:65,4
DA:67,2
DA:70,2
DA:74,0
DA:75,0
DA:78,184
DA:93,184
DA:94,593
DA:97,184
DA:99,159
DA:100,159
DA:103,159
DA:107,159
DA:108,159
DA:115,156
DA:119,25
DA:120,25
DA:123,25
DA:124,25
DA:132,25
DA:135,25
DA:138,59
DA:139,184
DA:144,184
DA:145,184
DA:147,184
DA:148,180
DA:149,180
DA:150,4
DA:151,2
DA:154,184
DA:164,184
DA:169,0
DA:173,59
DA:175,25
DA:176,0
DA:180,25
DA:182,25
DA:184,25
DA:185,25
DA:188,25
DA:191,25
DA:192,25
DA:193,0
DA:197,25
DA:200,3
DA:201,0
DA:207,0
DA:211,0
DA:213,0
DA:214,0
DA:222,59
DA:224,0
DA:231,59
DA:233,0
DA:239,768
DA:241,393
DA:306,375
DA:310,1
LF:77
LH:63
BRDA:22,0,0,59
BRDA:22,0,1,49
BRDA:36,1,0,0
BRDA:36,1,1,33
BRDA:54,2,0,180
BRDA:54,2,1,4
BRDA:54,3,0,184
BRDA:54,3,1,182
BRDA:56,4,0,173
BRDA:56,4,1,7
BRDA:58,5,0,3
BRDA:58,5,1,4
BRDA:65,6,0,2
BRDA:65,6,1,2
BRDA:93,7,0,184
BRDA:93,7,1,184
BRDA:97,8,0,159
BRDA:97,8,1,25
BRDA:99,9,0,159
BRDA:99,9,1,0
BRDA:107,10,0,159
BRDA:107,10,1,0
BRDA:123,11,0,25
BRDA:123,11,1,0
BRDA:147,12,0,180
BRDA:147,12,1,4
BRDA:147,13,0,184
BRDA:147,13,1,182
BRDA:148,14,0,173
BRDA:148,14,1,7
BRDA:148,15,0,7
BRDA:148,15,1,4
BRDA:149,16,0,179
BRDA:149,16,1,1
BRDA:150,17,0,2
BRDA:150,17,1,2
BRDA:158,18,0,184
BRDA:158,18,1,0
BRDA:161,19,0,184
BRDA:161,19,1,0
BRDA:175,20,0,0
BRDA:175,20,1,25
BRDA:175,21,0,25
BRDA:175,21,1,25
BRDA:180,22,0,0
BRDA:180,22,1,25
BRDA:191,23,0,14
BRDA:191,23,1,11
BRDA:191,24,0,25
BRDA:191,24,1,23
BRDA:192,25,0,0
BRDA:192,25,1,25
BRDA:200,26,0,0
BRDA:200,26,1,3
BRDA:213,27,0,0
BRDA:213,27,1,0
BRDA:239,28,0,393
BRDA:239,28,1,375
BRDA:245,29,0,25
BRDA:245,29,1,368
BRDA:264,30,0,393
BRDA:264,30,1,0
BRDA:271,31,0,393
BRDA:271,31,1,368
BRDA:277,32,0,368
BRDA:277,32,1,0
BRDA:286,33,0,393
BRDA:286,33,1,393
BRDA:290,34,0,393
BRDA:290,34,1,387
BRDA:292,35,0,393
BRDA:292,35,1,25
BRF:72
BRH:58
end_of_record
TN:
SF:src\components\LanguageSelectionModal.js
FN:14,(anonymous_0)
FN:19,(anonymous_1)
FN:46,(anonymous_2)
FN:58,(anonymous_3)
FN:166,(anonymous_4)
FNF:5
FNH:0
FNDA:0,(anonymous_0)
FNDA:0,(anonymous_1)
FNDA:0,(anonymous_2)
FNDA:0,(anonymous_3)
FNDA:0,(anonymous_4)
DA:14,0
DA:15,0
DA:16,0
DA:17,0
DA:19,0
DA:20,0
DA:21,0
DA:22,0
DA:25,0
DA:26,0
DA:27,0
DA:28,0
DA:39,0
DA:40,0
DA:42,0
DA:46,0
DA:47,0
DA:49,0
DA:58,0
DA:74,0
DA:149,0
DA:167,0
LF:22
LH:0
BRDA:20,0,0,0
BRDA:20,0,1,0
BRDA:55,1,0,0
BRDA:55,1,1,0
BRDA:67,2,0,0
BRDA:67,2,1,0
BRF:6
BRH:0
end_of_record
TN:
SF:src\components\LoadingState.js
FN:14,(anonymous_0)
FNF:1
FNH:0
FNDA:0,(anonymous_0)
DA:14,0
DA:27,0
DA:30,0
DA:31,0
DA:42,0
DA:43,0
DA:65,0
DA:66,0
DA:85,0
DA:88,0
LF:10
LH:0
BRDA:15,0,0,0
BRDA:16,1,0,0
BRDA:17,2,0,0
BRDA:18,3,0,0
BRDA:19,4,0,0
BRDA:20,5,0,0
BRDA:21,6,0,0
BRDA:22,7,0,0
BRDA:23,8,0,0
BRDA:30,9,0,0
BRDA:30,9,1,0
BRDA:42,10,0,0
BRDA:42,10,1,0
BRDA:50,11,0,0
BRDA:50,11,1,0
BRDA:52,12,0,0
BRDA:52,12,1,0
BRDA:65,13,0,0
BRDA:65,13,1,0
BRDA:72,14,0,0
BRDA:72,14,1,0
BRDA:85,15,0,0
BRDA:85,15,1,0
BRF:23
BRH:0
end_of_record
TN:
SF:src\components\NotificationSettingsModal.js
FN:17,(anonymous_0)
FN:31,(anonymous_1)
FN:37,(anonymous_2)
FN:49,(anonymous_3)
FN:58,(anonymous_4)
FN:67,(anonymous_5)
FN:92,(anonymous_6)
FNF:7
FNH:0
FNDA:0,(anonymous_0)
FNDA:0,(anonymous_1)
FNDA:0,(anonymous_2)
FNDA:0,(anonymous_3)
FNDA:0,(anonymous_4)
FNDA:0,(anonymous_5)
FNDA:0,(anonymous_6)
DA:17,0
DA:18,0
DA:19,0
DA:21,0
DA:28,0
DA:31,0
DA:32,0
DA:33,0
DA:37,0
DA:38,0
DA:39,0
DA:40,0
DA:41,0
DA:42,0
DA:45,0
DA:49,0
DA:50,0
DA:51,0
DA:53,0
DA:54,0
DA:58,0
DA:59,0
DA:63,0
DA:64,0
DA:67,0
DA:69,0
DA:70,0
DA:71,0
DA:72,0
DA:75,0
DA:77,0
DA:92,0
DA:100,0
DA:188,0
LF:34
LH:0
BRDA:32,0,0,0
BRDA:32,0,1,0
BRDA:40,1,0,0
BRDA:40,1,1,0
BRDA:94,2,0,0
BRDA:94,2,1,0
BRF:6
BRH:0
end_of_record
TN:
SF:src\components\OfflineIndicator.js
FN:5,(anonymous_0)
FN:29,(anonymous_1)
FN:37,(anonymous_2)
FN:49,(anonymous_3)
FN:116,(anonymous_4)
FN:139,(anonymous_5)
FN:147,(anonymous_6)
FN:165,(anonymous_7)
FNF:8
FNH:0
FNDA:0,(anonymous_0)
FNDA:0,(anonymous_1)
FNDA:0,(anonymous_2)
FNDA:0,(anonymous_3)
FNDA:0,(anonymous_4)
FNDA:0,(anonymous_5)
FNDA:0,(anonymous_6)
FNDA:0,(anonymous_7)
DA:5,0
DA:17,0
DA:19,0
DA:22,0
DA:25,0
DA:26,0
DA:29,0
DA:30,0
DA:31,0
DA:32,0
DA:33,0
DA:34,0
DA:37,0
DA:38,0
DA:39,0
DA:40,0
DA:41,0
DA:42,0
DA:43,0
DA:46,0
DA:49,0
DA:50,0
DA:51,0
DA:52,0
DA:54,0
DA:59,0
DA:61,0
DA:62,0
DA:81,0
DA:116,0
DA:121,0
DA:123,0
DA:125,0
DA:127,0
DA:130,0
DA:139,0
DA:145,0
DA:147,0
DA:148,0
DA:150,0
DA:151,0
DA:152,0
DA:153,0
DA:154,0
DA:155,0
DA:159,0
DA:160,0
DA:162,0
DA:166,0
DA:190,0
LF:50
LH:0
BRDA:5,0,0,0
BRDA:5,1,0,0
BRDA:19,2,0,0
BRDA:19,2,1,0
BRDA:22,3,0,0
BRDA:22,3,1,0
BRDA:25,4,0,0
BRDA:25,4,1,0
BRDA:25,5,0,0
BRDA:25,5,1,0
BRDA:25,5,2,0
BRDA:25,5,3,0
BRDA:30,6,0,0
BRDA:30,6,1,0
BRDA:31,7,0,0
BRDA:31,7,1,0
BRDA:32,8,0,0
BRDA:32,8,1,0
BRDA:33,9,0,0
BRDA:33,9,1,0
BRDA:38,10,0,0
BRDA:38,10,1,0
BRDA:39,11,0,0
BRDA:39,11,1,0
BRDA:40,12,0,0
BRDA:40,12,1,0
BRDA:41,13,0,0
BRDA:41,13,1,0
BRDA:42,14,0,0
BRDA:42,14,1,0
BRDA:50,15,0,0
BRDA:50,15,1,0
BRDA:50,16,0,0
BRDA:50,16,1,0
BRDA:50,16,2,0
BRDA:59,17,0,0
BRDA:59,17,1,0
BRDA:59,17,2,0
BRDA:59,17,3,0
BRDA:59,17,4,0
BRDA:61,18,0,0
BRDA:61,18,1,0
BRDA:68,19,0,0
BRDA:68,19,1,0
BRDA:68,19,2,0
BRDA:89,20,0,0
BRDA:89,20,1,0
BRDA:102,21,0,0
BRDA:102,21,1,0
BRDA:102,21,2,0
BRDA:125,22,0,0
BRDA:125,22,1,0
BRDA:125,23,0,0
BRDA:125,23,1,0
BRDA:127,24,0,0
BRDA:127,24,1,0
BRDA:128,25,0,0
BRDA:128,25,1,0
BRDA:133,26,0,0
BRDA:133,26,1,0
BRDA:139,27,0,0
BRDA:148,28,0,0
BRDA:148,28,1,0
BRDA:148,29,0,0
BRDA:148,29,1,0
BRDA:150,30,0,0
BRDA:150,30,1,0
BRDA:150,30,2,0
BRDA:150,30,3,0
BRDA:150,30,4,0
BRDA:160,31,0,0
BRDA:160,31,1,0
BRDA:172,32,0,0
BRDA:172,32,1,0
BRDA:173,33,0,0
BRDA:173,33,1,0
BRDA:181,34,0,0
BRDA:181,34,1,0
BRDA:183,35,0,0
BRDA:183,35,1,0
BRF:80
BRH:0
end_of_record
TN:
SF:src\components\ScreenWrapper.js
FN:12,(anonymous_0)
FN:22,(anonymous_1)
FN:38,(anonymous_2)
FN:54,(anonymous_3)
FN:65,(anonymous_4)
FN:72,(anonymous_5)
FN:78,(anonymous_6)
FN:107,(anonymous_7)
FN:118,(anonymous_8)
FN:121,(anonymous_9)
FN:130,(anonymous_10)
FNF:11
FNH:0
FNDA:0,(anonymous_0)
FNDA:0,(anonymous_1)
FNDA:0,(anonymous_2)
FNDA:0,(anonymous_3)
FNDA:0,(anonymous_4)
FNDA:0,(anonymous_5)
FNDA:0,(anonymous_6)
FNDA:0,(anonymous_7)
FNDA:0,(anonymous_8)
FNDA:0,(anonymous_9)
FNDA:0,(anonymous_10)
DA:13,0
DA:14,0
DA:17,0
DA:18,0
DA:19,0
DA:24,0
DA:30,0
DA:33,0
DA:35,0
DA:39,0
DA:40,0
DA:41,0
DA:43,0
DA:44,0
DA:46,0
DA:47,0
DA:50,0
DA:54,0
DA:55,0
DA:56,0
DA:57,0
DA:58,0
DA:61,0
DA:65,0
DA:66,0
DA:67,0
DA:69,0
DA:72,0
DA:73,0
DA:74,0
DA:79,0
DA:81,0
DA:107,0
DA:115,0
DA:116,0
DA:118,0
DA:120,0
DA:122,0
DA:123,0
DA:124,0
DA:130,0
DA:131,0
DA:132,0
DA:137,0
DA:151,0
LF:45
LH:0
BRDA:15,0,0,0
BRDA:15,0,1,0
BRDA:40,1,0,0
BRDA:40,1,1,0
BRDA:43,2,0,0
BRDA:43,2,1,0
BRDA:46,3,0,0
BRDA:46,3,1,0
BRDA:57,4,0,0
BRDA:57,4,1,0
BRDA:66,5,0,0
BRDA:66,5,1,0
BRDA:66,6,0,0
BRDA:66,6,1,0
BRDA:73,7,0,0
BRDA:73,7,1,0
BRDA:79,8,0,0
BRDA:82,9,0,0
BRDA:82,9,1,0
BRDA:83,10,0,0
BRDA:83,10,1,0
BRDA:87,11,0,0
BRDA:87,11,1,0
BRDA:90,12,0,0
BRDA:90,12,1,0
BRDA:109,13,0,0
BRDA:122,14,0,0
BRDA:122,14,1,0
BRDA:123,15,0,0
BRDA:123,15,1,0
BRDA:127,16,0,0
BRDA:127,16,1,0
BRDA:131,17,0,0
BRDA:131,17,1,0
BRF:34
BRH:0
end_of_record
TN:
SF:src\components\SyncStatusBar.js
FN:7,(anonymous_0)
FN:16,(anonymous_1)
FN:20,(anonymous_2)
FN:21,(anonymous_3)
FN:25,(anonymous_4)
FN:27,(anonymous_5)
FN:29,(anonymous_6)
FN:32,(anonymous_7)
FN:34,(anonymous_8)
FN:42,(anonymous_9)
FN:53,(anonymous_10)
FN:59,(anonymous_11)
FN:64,(anonymous_12)
FN:75,(anonymous_13)
FN:77,(anonymous_14)
FN:83,(anonymous_15)
FN:91,(anonymous_16)
FN:100,(anonymous_17)
FN:116,(anonymous_18)
FN:127,(anonymous_19)
FNF:20
FNH:0
FNDA:0,(anonymous_0)
FNDA:0,(anonymous_1)
FNDA:0,(anonymous_2)
FNDA:0,(anonymous_3)
FNDA:0,(anonymous_4)
FNDA:0,(anonymous_5)
FNDA:0,(anonymous_6)
FNDA:0,(anonymous_7)
FNDA:0,(anonymous_8)
FNDA:0,(anonymous_9)
FNDA:0,(anonymous_10)
FNDA:0,(anonymous_11)
FNDA:0,(anonymous_12)
FNDA:0,(anonymous_13)
FNDA:0,(anonymous_14)
FNDA:0,(anonymous_15)
FNDA:0,(anonymous_16)
FNDA:0,(anonymous_17)
FNDA:0,(anonymous_18)
FNDA:0,(anonymous_19)
DA:7,0
DA:8,0
DA:16,0
DA:17,0
DA:20,0
DA:21,0
DA:25,0
DA:26,0
DA:27,0
DA:28,0
DA:29,0
DA:30,0
DA:31,0
DA:32,0
DA:33,0
DA:34,0
DA:41,0
DA:42,0
DA:53,0
DA:54,0
DA:55,0
DA:59,0
DA:60,0
DA:61,0
DA:62,0
DA:64,0
DA:71,0
DA:75,0
DA:76,0
DA:77,0
DA:78,0
DA:80,0
DA:81,0
DA:83,0
DA:91,0
DA:100,0
DA:101,0
DA:103,0
DA:104,0
DA:105,0
DA:106,0
DA:107,0
DA:108,0
DA:110,0
DA:111,0
DA:112,0
DA:113,0
DA:116,0
DA:117,0
DA:118,0
DA:120,0
DA:121,0
DA:122,0
DA:123,0
DA:124,0
DA:127,0
DA:128,0
DA:129,0
DA:130,0
DA:131,0
DA:132,0
DA:136,0
DA:137,0
DA:147,0
DA:168,0
LF:65
LH:0
BRDA:26,0,0,0
BRDA:26,0,1,0
BRDA:26,1,0,0
BRDA:26,1,1,0
BRDA:28,2,0,0
BRDA:28,2,1,0
BRDA:30,3,0,0
BRDA:30,3,1,0
BRDA:30,4,0,0
BRDA:30,4,1,0
BRDA:33,5,0,0
BRDA:33,5,1,0
BRDA:33,6,0,0
BRDA:33,6,1,0
BRDA:41,7,0,0
BRDA:41,7,1,0
BRDA:54,8,0,0
BRDA:54,8,1,0
BRDA:55,9,0,0
BRDA:55,9,1,0
BRDA:66,10,0,0
BRDA:66,10,1,0
BRDA:67,11,0,0
BRDA:67,11,1,0
BRDA:80,12,0,0
BRDA:80,12,1,0
BRDA:101,13,0,0
BRDA:101,13,1,0
BRDA:110,14,0,0
BRDA:110,14,1,0
BRDA:111,15,0,0
BRDA:111,15,1,0
BRDA:112,16,0,0
BRDA:112,16,1,0
BRDA:117,17,0,0
BRDA:117,17,1,0
BRDA:118,18,0,0
BRDA:118,18,1,0
BRDA:120,19,0,0
BRDA:120,19,1,0
BRDA:121,20,0,0
BRDA:121,20,1,0
BRDA:122,21,0,0
BRDA:122,21,1,0
BRDA:123,22,0,0
BRDA:123,22,1,0
BRDA:128,23,0,0
BRDA:128,23,1,0
BRDA:129,24,0,0
BRDA:129,24,1,0
BRDA:130,25,0,0
BRDA:130,25,1,0
BRDA:131,26,0,0
BRDA:131,26,1,0
BRDA:136,27,0,0
BRDA:136,27,1,0
BRDA:136,28,0,0
BRDA:136,28,1,0
BRDA:141,29,0,0
BRDA:141,29,1,0
BRDA:153,30,0,0
BRDA:153,30,1,0
BRDA:153,30,2,0
BRF:63
BRH:0
end_of_record
TN:
SF:src\components\SyncStatusIndicator.js
FN:16,(anonymous_0)
FN:43,(anonymous_1)
FN:48,(anonymous_2)
FN:80,(anonymous_3)
FN:86,(anonymous_4)
FN:117,(anonymous_5)
FN:125,(anonymous_6)
FN:144,(anonymous_7)
FN:166,(anonymous_8)
FNF:9
FNH:0
FNDA:0,(anonymous_0)
FNDA:0,(anonymous_1)
FNDA:0,(anonymous_2)
FNDA:0,(anonymous_3)
FNDA:0,(anonymous_4)
FNDA:0,(anonymous_5)
FNDA:0,(anonymous_6)
FNDA:0,(anonymous_7)
FNDA:0,(anonymous_8)
DA:16,1
DA:17,0
DA:38,0
DA:39,0
DA:41,0
DA:43,0
DA:45,0
DA:48,0
DA:49,0
DA:52,0
DA:53,0
DA:54,0
DA:60,0
DA:62,0
DA:67,0
DA:68,0
DA:69,0
DA:72,0
DA:75,0
DA:78,0
DA:80,0
DA:81,0
DA:82,0
DA:86,0
DA:87,0
DA:88,0
DA:89,0
DA:92,0
DA:93,0
DA:94,0
DA:95,0
DA:96,0
DA:97,0
DA:98,0
DA:100,0
DA:101,0
DA:102,0
DA:103,0
DA:104,0
DA:105,0
DA:107,0
DA:110,0
DA:113,0
DA:117,0
DA:118,0
DA:119,0
DA:122,0
DA:124,0
DA:126,0
DA:130,0
DA:131,0
DA:134,0
DA:138,0
DA:144,0
DA:146,0
DA:147,0
DA:148,0
DA:149,0
DA:150,0
DA:151,0
DA:152,0
DA:153,0
DA:154,0
DA:155,0
DA:156,0
DA:157,0
DA:159,0
DA:163,0
DA:166,0
DA:167,0
DA:168,0
DA:169,0
DA:170,0
DA:171,0
DA:172,0
DA:174,0
DA:178,0
DA:263,1
LF:78
LH:2
BRDA:52,0,0,0
BRDA:52,0,1,0
BRDA:60,1,0,0
BRDA:60,1,1,0
BRDA:67,2,0,0
BRDA:67,2,1,0
BRDA:67,3,0,0
BRDA:67,3,1,0
BRDA:92,4,0,0
BRDA:92,4,1,0
BRDA:100,5,0,0
BRDA:100,5,1,0
BRDA:102,6,0,0
BRDA:102,6,1,0
BRDA:104,7,0,0
BRDA:104,7,1,0
BRDA:118,8,0,0
BRDA:118,8,1,0
BRDA:130,9,0,0
BRDA:130,9,1,0
BRDA:146,10,0,0
BRDA:146,10,1,0
BRDA:148,11,0,0
BRDA:148,11,1,0
BRDA:150,12,0,0
BRDA:150,12,1,0
BRDA:152,13,0,0
BRDA:152,13,1,0
BRDA:154,14,0,0
BRDA:154,14,1,0
BRDA:156,15,0,0
BRDA:156,15,1,0
BRDA:167,16,0,0
BRDA:167,16,1,0
BRDA:167,17,0,0
BRDA:167,17,1,0
BRDA:169,18,0,0
BRDA:169,18,1,0
BRDA:171,19,0,0
BRDA:171,19,1,0
BRDA:186,20,0,0
BRDA:186,20,1,0
BRDA:202,21,0,0
BRDA:202,21,1,0
BRDA:202,21,2,0
BRDA:202,21,3,0
BRDA:211,22,0,0
BRDA:211,22,1,0
BRDA:216,23,0,0
BRDA:216,23,1,0
BRDA:216,23,2,0
BRDA:216,23,3,0
BRDA:221,24,0,0
BRDA:221,24,1,0
BRDA:221,24,2,0
BRDA:221,24,3,0
BRDA:226,25,0,0
BRDA:226,25,1,0
BRDA:226,25,2,0
BRDA:226,25,3,0
BRDA:226,25,4,0
BRDA:235,26,0,0
BRDA:235,26,1,0
BRDA:241,27,0,0
BRDA:241,27,1,0
BRDA:249,28,0,0
BRDA:249,28,1,0
BRDA:251,29,0,0
BRDA:251,29,1,0
BRF:69
BRH:0
end_of_record
TN:
SF:src\components\charts\BarChart.js
FN:23,(anonymous_0)
FN:51,(anonymous_1)
FN:52,(anonymous_2)
FN:65,(anonymous_3)
FNF:4
FNH:0
FNDA:0,(anonymous_0)
FNDA:0,(anonymous_1)
FNDA:0,(anonymous_2)
FNDA:0,(anonymous_3)
DA:23,0
DA:34,0
DA:37,0
DA:43,0
DA:46,0
DA:51,0
DA:52,0
DA:65,0
DA:66,0
DA:67,0
DA:69,0
DA:72,0
DA:73,0
DA:83,0
DA:84,0
DA:94,0
DA:118,0
LF:17
LH:0
BRDA:26,0,0,0
BRDA:27,1,0,0
BRDA:28,2,0,0
BRDA:30,3,0,0
BRDA:31,4,0,0
BRDA:32,5,0,0
BRDA:43,6,0,0
BRDA:43,6,1,0
BRDA:43,7,0,0
BRDA:43,7,1,0
BRDA:43,7,2,0
BRDA:51,8,0,0
BRDA:52,9,0,0
BRDA:66,10,0,0
BRDA:66,10,1,0
BRDA:72,11,0,0
BRDA:72,11,1,0
BRDA:75,12,0,0
BRDA:75,12,1,0
BRDA:83,13,0,0
BRDA:83,13,1,0
BRDA:86,14,0,0
BRDA:86,14,1,0
BRDA:96,15,0,0
BRDA:96,15,1,0
BRF:25
BRH:0
end_of_record
TN:
SF:src\components\charts\KPICard.js
FN:23,(anonymous_0)
FN:34,(anonymous_1)
FN:42,(anonymous_2)
FNF:3
FNH:0
FNDA:0,(anonymous_0)
FNDA:0,(anonymous_1)
FNDA:0,(anonymous_2)
DA:23,0
DA:34,0
DA:35,0
DA:36,0
DA:38,0
DA:42,0
DA:43,0
DA:45,0
DA:46,0
DA:47,0
DA:49,0
DA:59,0
DA:79,0
DA:80,0
DA:87,0
DA:90,0
LF:16
LH:0
BRDA:28,0,0,0
BRDA:31,1,0,0
BRDA:35,2,0,0
BRDA:35,2,1,0
BRDA:43,3,0,0
BRDA:43,3,1,0
BRDA:46,4,0,0
BRDA:46,4,1,0
BRDA:47,5,0,0
BRDA:47,5,1,0
BRDA:62,6,0,0
BRDA:62,6,1,0
BRDA:66,7,0,0
BRDA:66,7,1,0
BRDA:71,8,0,0
BRDA:71,8,1,0
BRDA:79,9,0,0
BRDA:79,9,1,0
BRF:18
BRH:0
end_of_record
TN:
SF:src\components\charts\LineChart.js
FN:23,(anonymous_0)
FN:51,(anonymous_1)
FN:52,(anonymous_2)
FN:69,(anonymous_3)
FNF:4
FNH:0
FNDA:0,(anonymous_0)
FNDA:0,(anonymous_1)
FNDA:0,(anonymous_2)
FNDA:0,(anonymous_3)
DA:23,0
DA:34,0
DA:37,0
DA:43,0
DA:46,0
DA:51,0
DA:52,0
DA:69,0
DA:70,0
DA:71,0
DA:73,0
DA:76,0
DA:77,0
DA:87,0
DA:88,0
DA:98,0
DA:124,0
LF:17
LH:0
BRDA:26,0,0,0
BRDA:27,1,0,0
BRDA:28,2,0,0
BRDA:29,3,0,0
BRDA:31,4,0,0
BRDA:32,5,0,0
BRDA:43,6,0,0
BRDA:43,6,1,0
BRDA:43,7,0,0
BRDA:43,7,1,0
BRDA:43,7,2,0
BRDA:51,8,0,0
BRDA:52,9,0,0
BRDA:70,10,0,0
BRDA:70,10,1,0
BRDA:76,11,0,0
BRDA:76,11,1,0
BRDA:79,12,0,0
BRDA:79,12,1,0
BRDA:87,13,0,0
BRDA:87,13,1,0
BRDA:90,14,0,0
BRDA:90,14,1,0
BRDA:100,15,0,0
BRDA:100,15,1,0
BRF:25
BRH:0
end_of_record
TN:
SF:src\components\charts\PieChart.js
FN:21,(anonymous_0)
FN:51,(anonymous_1)
FN:52,(anonymous_2)
FNF:3
FNH:0
FNDA:0,(anonymous_0)
FNDA:0,(anonymous_1)
FNDA:0,(anonymous_2)
DA:21,0
DA:30,0
DA:33,0
DA:44,0
DA:47,0
DA:51,0
DA:52,0
DA:55,0
DA:56,0
DA:66,0
DA:67,0
DA:77,0
DA:99,0
LF:13
LH:0
BRDA:24,0,0,0
BRDA:25,1,0,0
BRDA:26,2,0,0
BRDA:27,3,0,0
BRDA:28,4,0,0
BRDA:44,5,0,0
BRDA:44,5,1,0
BRDA:44,6,0,0
BRDA:44,6,1,0
BRDA:51,7,0,0
BRDA:52,8,0,0
BRDA:55,9,0,0
BRDA:55,9,1,0
BRDA:58,10,0,0
BRDA:58,10,1,0
BRDA:66,11,0,0
BRDA:66,11,1,0
BRDA:69,12,0,0
BRDA:69,12,1,0
BRDA:79,13,0,0
BRDA:79,13,1,0
BRF:21
BRH:0
end_of_record
TN:
SF:src\config\environment.js
FN:42,(anonymous_0)
FNF:1
FNH:1
FNDA:9,(anonymous_0)
DA:15,9
DA:42,9
DA:43,9
DA:46,9
DA:47,9
DA:48,0
DA:49,0
DA:50,0
DA:51,0
DA:55,0
LF:10
LH:5
BRDA:17,0,0,9
BRDA:17,0,1,9
BRDA:17,0,2,0
BRDA:20,1,0,9
BRDA:20,1,1,9
BRDA:21,2,0,9
BRDA:21,2,1,9
BRDA:25,3,0,9
BRDA:25,3,1,9
BRDA:31,4,0,9
BRDA:31,4,1,9
BRDA:43,5,0,9
BRDA:43,5,1,9
BRDA:46,6,0,9
BRDA:46,6,1,0
BRDA:46,7,0,9
BRDA:46,7,1,9
BRDA:48,8,0,0
BRDA:48,8,1,0
BRDA:50,9,0,0
BRDA:50,9,1,0
BRF:21
BRH:15
end_of_record
TN:
SF:src\context\AuthContext.js
FN:11,(anonymous_0)
FN:19,(anonymous_1)
FN:26,(anonymous_2)
FN:31,(anonymous_3)
FN:38,(anonymous_4)
FN:42,(anonymous_5)
FN:51,(anonymous_6)
FN:64,(anonymous_7)
FN:88,(anonymous_8)
FN:156,(anonymous_9)
FN:185,(anonymous_10)
FN:215,(anonymous_11)
FN:219,(anonymous_12)
FN:230,(anonymous_13)
FN:243,(anonymous_14)
FN:245,(anonymous_15)
FN:335,(anonymous_16)
FN:378,(anonymous_17)
FN:390,(anonymous_18)
FN:448,(anonymous_19)
FN:493,(anonymous_20)
FN:531,(anonymous_21)
FN:541,(anonymous_22)
FN:550,(anonymous_23)
FN:555,(anonymous_24)
FNF:25
FNH:19
FNDA:75,(anonymous_0)
FNDA:83,(anonymous_1)
FNDA:27,(anonymous_2)
FNDA:26,(anonymous_3)
FNDA:26,(anonymous_4)
FNDA:27,(anonymous_5)
FNDA:4,(anonymous_6)
FNDA:27,(anonymous_7)
FNDA:0,(anonymous_8)
FNDA:20,(anonymous_9)
FNDA:0,(anonymous_10)
FNDA:10,(anonymous_11)
FNDA:10,(anonymous_12)
FNDA:10,(anonymous_13)
FNDA:10,(anonymous_14)
FNDA:0,(anonymous_15)
FNDA:0,(anonymous_16)
FNDA:4,(anonymous_17)
FNDA:0,(anonymous_18)
FNDA:0,(anonymous_19)
FNDA:4,(anonymous_20)
FNDA:1,(anonymous_21)
FNDA:1,(anonymous_22)
FNDA:1,(anonymous_23)
FNDA:73,(anonymous_24)
DA:9,2
DA:11,2
DA:12,75
DA:13,75
DA:14,2
DA:16,73
DA:19,2
DA:20,83
DA:21,83
DA:22,83
DA:23,83
DA:26,83
DA:27,27
DA:28,27
DA:31,27
DA:32,26
DA:33,26
DA:38,27
DA:39,26
DA:42,27
DA:43,27
DA:44,27
DA:45,27
DA:46,27
DA:51,83
DA:52,4
DA:53,4
DA:54,4
DA:55,4
DA:56,4
DA:57,4
DA:58,4
DA:60,0
DA:64,83
DA:65,27
DA:67,27
DA:68,0
DA:69,0
DA:72,27
DA:73,27
DA:76,27
DA:77,0
DA:78,0
DA:81,27
DA:82,27
DA:84,27
DA:85,7
DA:87,7
DA:88,0
DA:92,5
DA:94,5
DA:95,5
DA:96,5
DA:97,5
DA:100,0
DA:101,0
DA:102,0
DA:103,0
DA:105,0
DA:106,0
DA:107,0
DA:108,0
DA:110,0
DA:111,0
DA:114,0
DA:115,0
DA:119,2
DA:122,2
DA:123,2
DA:124,2
DA:126,2
DA:127,2
DA:128,2
DA:129,2
DA:131,0
DA:132,0
DA:135,0
DA:136,0
DA:140,20
DA:143,0
DA:145,0
DA:146,0
DA:147,0
DA:150,27
DA:151,27
DA:156,83
DA:157,20
DA:158,20
DA:159,20
DA:161,20
DA:162,2
DA:165,18
DA:174,18
DA:175,18
DA:176,18
DA:184,18
DA:185,0
DA:189,10
DA:198,10
DA:200,10
DA:201,10
DA:203,10
DA:204,10
DA:206,10
DA:207,10
DA:208,10
DA:212,10
DA:215,10
DA:217,10
DA:220,10
DA:221,10
DA:222,10
DA:223,10
DA:225,0
DA:231,10
DA:232,10
DA:233,10
DA:234,10
DA:235,10
DA:237,0
DA:240,0
DA:244,10
DA:250,10
DA:256,0
DA:259,8
DA:260,8
DA:261,8
DA:262,8
DA:263,8
DA:267,8
DA:268,2
DA:269,2
DA:278,6
DA:280,0
DA:281,0
DA:290,6
DA:291,6
DA:292,6
DA:293,0
DA:294,0
DA:295,0
DA:303,6
DA:308,6
DA:311,6
DA:315,6
DA:317,5
DA:318,5
DA:319,5
DA:320,5
DA:321,5
DA:322,5
DA:325,5
DA:333,1
DA:334,1
DA:335,0
DA:339,1
DA:340,1
DA:343,1
DA:344,1
DA:346,1
DA:347,1
DA:349,1
DA:351,1
DA:359,0
DA:363,2
DA:364,2
DA:365,2
DA:367,2
DA:374,20
DA:378,83
DA:379,4
DA:380,4
DA:381,4
DA:383,4
DA:384,1
DA:388,3
DA:389,3
DA:390,0
DA:395,2
DA:398,2
DA:399,2
DA:401,2
DA:402,2
DA:404,2
DA:406,2
DA:415,0
DA:416,0
DA:419,1
DA:420,1
DA:421,1
DA:422,1
DA:423,1
DA:424,1
DA:425,1
DA:431,1
DA:434,1
DA:436,1
DA:437,1
DA:444,0
DA:445,0
DA:447,0
DA:448,0
DA:452,0
DA:455,0
DA:456,0
DA:458,0
DA:459,0
DA:461,0
DA:463,0
DA:473,0
DA:477,2
DA:478,2
DA:479,2
DA:481,2
DA:489,4
DA:493,83
DA:494,4
DA:495,4
DA:496,4
DA:497,4
DA:500,4
DA:501,4
DA:502,4
DA:503,4
DA:504,4
DA:506,0
DA:511,4
DA:513,4
DA:515,0
DA:516,0
DA:519,0
DA:520,0
DA:521,0
DA:522,0
DA:524,0
DA:527,4
DA:531,83
DA:532,1
DA:533,1
DA:534,1
DA:536,0
DA:541,83
DA:550,83
DA:551,1
DA:552,1
DA:555,83
DA:569,83
LF:247
LH:185
BRDA:13,0,0,2
BRDA:13,0,1,73
BRDA:32,1,0,26
BRDA:32,1,1,0
BRDA:44,2,0,27
BRDA:44,2,1,0
BRDA:64,3,0,1
BRDA:64,4,0,1
BRDA:67,5,0,0
BRDA:67,5,1,27
BRDA:76,6,0,0
BRDA:76,6,1,27
BRDA:84,7,0,7
BRDA:84,7,1,20
BRDA:84,8,0,27
BRDA:84,8,1,7
BRDA:92,9,0,5
BRDA:92,9,1,0
BRDA:92,10,0,5
BRDA:92,10,1,5
BRDA:94,11,0,0
BRDA:94,11,1,5
BRDA:103,12,0,0
BRDA:103,12,1,0
BRDA:103,13,0,0
BRDA:103,13,1,0
BRDA:103,13,2,0
BRDA:105,14,0,0
BRDA:105,14,1,0
BRDA:111,15,0,0
BRDA:111,15,1,0
BRDA:115,16,0,0
BRDA:115,16,1,0
BRDA:124,17,0,2
BRDA:124,17,1,0
BRDA:124,18,0,2
BRDA:124,18,1,2
BRDA:124,18,2,2
BRDA:126,19,0,0
BRDA:126,19,1,2
BRDA:132,20,0,0
BRDA:132,20,1,0
BRDA:136,21,0,0
BRDA:136,21,1,0
BRDA:145,22,0,0
BRDA:145,22,1,0
BRDA:150,23,0,27
BRDA:150,23,1,0
BRDA:156,24,0,18
BRDA:161,25,0,2
BRDA:161,25,1,18
BRDA:161,26,0,20
BRDA:161,26,1,18
BRDA:181,27,0,18
BRDA:181,27,1,16
BRDA:198,28,0,10
BRDA:198,28,1,0
BRDA:198,29,0,10
BRDA:198,29,1,10
BRDA:234,30,0,10
BRDA:234,30,1,0
BRDA:267,31,0,2
BRDA:267,31,1,6
BRDA:267,32,0,8
BRDA:267,32,1,2
BRDA:267,32,2,2
BRDA:278,33,0,0
BRDA:278,33,1,6
BRDA:278,34,0,6
BRDA:278,34,1,6
BRDA:278,34,2,0
BRDA:278,34,3,0
BRDA:290,35,0,6
BRDA:290,35,1,0
BRDA:293,36,0,0
BRDA:293,36,1,0
BRDA:293,37,0,0
BRDA:293,37,1,0
BRDA:311,38,0,6
BRDA:311,38,1,5
BRDA:311,38,2,5
BRDA:315,39,0,5
BRDA:315,39,1,1
BRDA:327,40,0,5
BRDA:327,40,1,0
BRDA:339,41,0,1
BRDA:339,41,1,0
BRDA:339,42,0,1
BRDA:339,42,1,1
BRDA:353,43,0,1
BRDA:353,43,1,1
BRDA:359,44,0,0
BRDA:359,44,1,0
BRDA:364,45,0,2
BRDA:364,45,1,0
BRDA:364,45,2,0
BRDA:383,46,0,1
BRDA:383,46,1,3
BRDA:383,47,0,4
BRDA:383,47,1,4
BRDA:395,48,0,2
BRDA:395,48,1,0
BRDA:395,49,0,2
BRDA:395,49,1,2
BRDA:395,49,2,2
BRDA:415,50,0,0
BRDA:415,50,1,0
BRDA:431,51,0,1
BRDA:431,51,1,1
BRDA:434,52,0,1
BRDA:434,52,1,0
BRDA:438,53,0,1
BRDA:438,53,1,0
BRDA:452,54,0,0
BRDA:452,54,1,0
BRDA:452,55,0,0
BRDA:452,55,1,0
BRDA:473,56,0,0
BRDA:473,56,1,0
BRDA:478,57,0,2
BRDA:478,57,1,0
BRDA:478,57,2,0
BRF:122
BRH:67
end_of_record
TN:
SF:src\context\DashboardRefreshContext.js
FN:5,(anonymous_0)
FN:9,(anonymous_1)
FN:11,(anonymous_2)
FN:19,(anonymous_3)
FN:24,(anonymous_4)
FN:37,(anonymous_5)
FNF:6
FNH:0
FNDA:0,(anonymous_0)
FNDA:0,(anonymous_1)
FNDA:0,(anonymous_2)
FNDA:0,(anonymous_3)
FNDA:0,(anonymous_4)
FNDA:0,(anonymous_5)
DA:3,0
DA:5,0
DA:6,0
DA:9,0
DA:10,0
DA:11,0
DA:12,0
DA:13,0
DA:14,0
DA:19,0
DA:20,0
DA:21,0
DA:24,0
DA:30,0
DA:37,0
DA:38,0
DA:39,0
DA:40,0
DA:42,0
LF:19
LH:0
BRDA:39,0,0,0
BRDA:39,0,1,0
BRF:2
BRH:0
end_of_record
TN:
SF:src\context\LanguageContext.js
FN:11,(anonymous_0)
FN:46,(anonymous_1)
FN:51,(anonymous_2)
FN:55,(anonymous_3)
FN:68,(anonymous_4)
FN:79,(anonymous_5)
FN:81,(anonymous_6)
FN:82,(anonymous_7)
FN:91,(anonymous_8)
FN:95,(anonymous_9)
FNF:10
FNH:10
FNDA:43,(anonymous_0)
FNDA:42,(anonymous_1)
FNDA:19,(anonymous_2)
FNDA:19,(anonymous_3)
FNDA:5,(anonymous_4)
FNDA:8,(anonymous_5)
FNDA:16,(anonymous_6)
FNDA:34,(anonymous_7)
FNDA:2,(anonymous_8)
FNDA:41,(anonymous_9)
DA:9,1
DA:11,1
DA:12,43
DA:13,43
DA:14,2
DA:16,41
DA:19,1
DA:40,1
DA:46,1
DA:47,42
DA:48,42
DA:51,42
DA:52,19
DA:55,42
DA:56,19
DA:57,19
DA:58,18
DA:59,0
DA:62,1
DA:64,19
DA:68,42
DA:69,5
DA:70,5
DA:71,4
DA:72,4
DA:75,1
DA:79,42
DA:81,8
DA:82,34
DA:85,8
DA:86,8
DA:88,8
DA:91,42
DA:92,2
DA:95,42
DA:104,42
LF:36
LH:35
BRDA:13,0,0,2
BRDA:13,0,1,41
BRDA:58,1,0,0
BRDA:58,1,1,18
BRDA:58,2,0,18
BRDA:58,2,1,18
BRDA:70,3,0,4
BRDA:70,3,1,1
BRDA:88,4,0,8
BRDA:88,4,1,1
BRDA:88,4,2,1
BRF:11
BRH:10
end_of_record
TN:
SF:src\context\OfflineContext.js
FN:10,(anonymous_0)
FN:18,(anonymous_1)
FN:52,(anonymous_2)
FN:56,(anonymous_3)
FN:62,(anonymous_4)
FN:99,(anonymous_5)
FN:117,(anonymous_6)
FN:135,(anonymous_7)
FN:153,(anonymous_8)
FN:155,(anonymous_9)
FN:169,(anonymous_10)
FN:190,(anonymous_11)
FN:208,(anonymous_12)
FN:279,(anonymous_13)
FN:284,(anonymous_14)
FN:289,(anonymous_15)
FN:361,(anonymous_16)
FN:401,(anonymous_17)
FN:410,(anonymous_18)
FN:424,(anonymous_19)
FN:437,(anonymous_20)
FN:450,(anonymous_21)
FN:459,(anonymous_22)
FN:471,(anonymous_23)
FN:483,(anonymous_24)
FN:499,(anonymous_25)
FN:519,(anonymous_26)
FN:540,(anonymous_27)
FN:553,(anonymous_28)
FNF:29
FNH:25
FNDA:98,(anonymous_0)
FNDA:98,(anonymous_1)
FNDA:26,(anonymous_2)
FNDA:26,(anonymous_3)
FNDA:26,(anonymous_4)
FNDA:1,(anonymous_5)
FNDA:26,(anonymous_6)
FNDA:4,(anonymous_7)
FNDA:2,(anonymous_8)
FNDA:0,(anonymous_9)
FNDA:6,(anonymous_10)
FNDA:0,(anonymous_11)
FNDA:5,(anonymous_12)
FNDA:26,(anonymous_13)
FNDA:0,(anonymous_14)
FNDA:29,(anonymous_15)
FNDA:7,(anonymous_16)
FNDA:3,(anonymous_17)
FNDA:3,(anonymous_18)
FNDA:1,(anonymous_19)
FNDA:1,(anonymous_20)
FNDA:1,(anonymous_21)
FNDA:1,(anonymous_22)
FNDA:1,(anonymous_23)
FNDA:1,(anonymous_24)
FNDA:0,(anonymous_25)
FNDA:1,(anonymous_26)
FNDA:1,(anonymous_27)
FNDA:98,(anonymous_28)
DA:8,1
DA:10,1
DA:11,98
DA:12,98
DA:13,2
DA:15,96
DA:18,1
DA:20,98
DA:21,98
DA:22,98
DA:25,98
DA:26,98
DA:27,98
DA:28,98
DA:29,98
DA:32,98
DA:33,98
DA:34,98
DA:37,98
DA:40,98
DA:41,98
DA:42,98
DA:45,98
DA:48,98
DA:49,98
DA:52,98
DA:53,26
DA:54,26
DA:56,26
DA:57,26
DA:58,26
DA:62,98
DA:63,26
DA:64,26
DA:70,26
DA:71,26
DA:72,26
DA:75,26
DA:76,26
DA:77,26
DA:78,26
DA:80,0
DA:84,26
DA:85,26
DA:86,26
DA:88,0
DA:92,26
DA:93,26
DA:98,26
DA:99,26
DA:100,1
DA:101,1
DA:102,1
DA:103,1
DA:105,0
DA:110,26
DA:112,0
DA:117,98
DA:119,26
DA:120,26
DA:121,26
DA:125,26
DA:126,26
DA:127,26
DA:131,26
DA:135,98
DA:136,4
DA:137,4
DA:138,4
DA:141,4
DA:142,4
DA:145,4
DA:146,2
DA:147,2
DA:149,2
DA:150,2
DA:151,2
DA:153,2
DA:154,2
DA:155,2
DA:156,0
DA:161,0
DA:162,0
DA:169,98
DA:170,6
DA:173,2
DA:174,2
DA:175,2
DA:178,1
DA:179,1
DA:182,1
DA:183,1
DA:187,1
DA:188,1
DA:189,1
DA:190,1
DA:191,1
DA:192,1
DA:196,1
DA:197,1
DA:198,1
DA:199,1
DA:200,1
DA:203,0
DA:208,98
DA:209,5
DA:212,5
DA:213,0
DA:214,0
DA:215,0
DA:216,0
DA:220,5
DA:221,0
DA:222,0
DA:223,0
DA:224,0
DA:228,5
DA:229,5
DA:230,5
DA:231,5
DA:232,5
DA:236,0
DA:237,0
DA:240,0
DA:241,0
DA:242,0
DA:243,0
DA:244,0
DA:247,0
DA:248,0
DA:249,0
DA:250,0
DA:254,0
DA:255,0
DA:256,0
DA:257,0
DA:258,0
DA:261,0
DA:264,0
DA:265,0
DA:267,0
DA:268,0
DA:272,0
DA:273,0
DA:274,0
DA:279,98
DA:281,26
DA:284,26
DA:285,0
DA:289,98
DA:290,29
DA:292,29
DA:293,0
DA:294,0
DA:306,0
DA:309,29
DA:312,28
DA:313,28
DA:327,0
DA:342,1
DA:345,1
DA:361,98
DA:362,7
DA:364,7
DA:365,7
DA:366,7
DA:369,0
DA:370,0
DA:373,0
DA:374,0
DA:375,0
DA:378,0
DA:381,0
DA:382,0
DA:384,0
DA:387,0
DA:388,0
DA:390,0
DA:393,0
DA:395,0
DA:396,0
DA:401,98
DA:402,3
DA:403,3
DA:404,3
DA:405,3
DA:406,3
DA:410,98
DA:411,3
DA:412,3
DA:414,3
DA:415,1
DA:417,2
DA:420,3
DA:424,98
DA:425,1
DA:426,1
DA:427,1
DA:428,1
DA:429,1
DA:431,0
DA:432,0
DA:437,98
DA:438,1
DA:439,1
DA:440,1
DA:441,1
DA:442,1
DA:444,0
DA:445,0
DA:450,98
DA:451,1
DA:452,1
DA:454,0
DA:459,98
DA:460,1
DA:471,98
DA:472,1
DA:483,98
DA:484,1
DA:486,1
DA:499,98
DA:500,0
DA:502,0
DA:503,0
DA:504,0
DA:505,0
DA:506,0
DA:508,0
DA:509,0
DA:510,0
DA:511,0
DA:512,0
DA:513,0
DA:515,0
DA:519,98
DA:520,1
DA:521,0
DA:522,0
DA:525,1
DA:526,0
DA:529,1
DA:530,0
DA:533,1
DA:534,0
DA:537,1
DA:540,98
DA:541,1
DA:542,1
DA:544,1
DA:545,1
DA:546,0
DA:547,0
DA:548,0
DA:549,0
DA:553,98
DA:619,98
LF:257
LH:170
BRDA:12,0,0,2
BRDA:12,0,1,96
BRDA:100,1,0,1
BRDA:100,1,1,0
BRDA:119,2,0,26
BRDA:119,2,1,0
BRDA:125,3,0,26
BRDA:125,3,1,0
BRDA:141,4,0,4
BRDA:141,4,1,0
BRDA:142,5,0,2
BRDA:142,5,1,2
BRDA:145,6,0,2
BRDA:145,6,1,2
BRDA:145,7,0,4
BRDA:145,7,1,2
BRDA:145,7,2,2
BRDA:149,8,0,2
BRDA:149,8,1,0
BRDA:154,9,0,2
BRDA:154,9,1,0
BRDA:170,10,0,2
BRDA:170,10,1,2
BRDA:170,10,2,1
BRDA:170,10,3,1
BRDA:170,10,4,1
BRDA:170,10,5,1
BRDA:170,10,6,1
BRDA:170,10,7,1
BRDA:170,10,8,0
BRDA:212,11,0,0
BRDA:212,11,1,5
BRDA:220,12,0,0
BRDA:220,12,1,5
BRDA:228,13,0,5
BRDA:228,13,1,0
BRDA:240,14,0,0
BRDA:240,14,1,0
BRDA:254,15,0,0
BRDA:254,15,1,0
BRDA:254,16,0,0
BRDA:254,16,1,0
BRDA:264,17,0,0
BRDA:264,17,1,0
BRDA:265,18,0,0
BRDA:265,18,1,0
BRDA:267,19,0,0
BRDA:267,19,1,0
BRDA:292,20,0,0
BRDA:292,20,1,29
BRDA:292,21,0,29
BRDA:292,21,1,29
BRDA:312,22,0,28
BRDA:312,22,1,0
BRDA:312,23,0,28
BRDA:312,23,1,28
BRDA:314,24,0,28
BRDA:314,24,1,26
BRDA:315,25,0,28
BRDA:315,25,1,26
BRDA:316,26,0,28
BRDA:316,26,1,27
BRDA:317,27,0,28
BRDA:317,27,1,27
BRDA:318,28,0,28
BRDA:318,28,1,27
BRDA:319,29,0,28
BRDA:319,29,1,27
BRDA:320,30,0,28
BRDA:320,30,1,27
BRDA:321,31,0,28
BRDA:321,31,1,27
BRDA:322,32,0,28
BRDA:322,32,1,26
BRDA:364,33,0,7
BRDA:364,33,1,0
BRDA:369,34,0,0
BRDA:369,34,1,0
BRDA:369,35,0,0
BRDA:369,35,1,0
BRDA:373,36,0,0
BRDA:373,36,1,0
BRDA:393,37,0,0
BRDA:393,37,1,0
BRDA:396,38,0,0
BRDA:396,38,1,0
BRDA:406,39,0,2
BRDA:406,39,1,1
BRDA:414,40,0,1
BRDA:414,40,1,2
BRDA:420,41,0,1
BRDA:420,41,1,2
BRDA:484,42,0,1
BRDA:484,42,1,1
BRDA:492,43,0,1
BRDA:492,43,1,1
BRDA:493,44,0,1
BRDA:493,44,1,0
BRDA:500,45,0,0
BRDA:500,45,1,0
BRDA:508,46,0,0
BRDA:508,46,1,0
BRDA:509,47,0,0
BRDA:509,47,1,0
BRDA:510,48,0,0
BRDA:510,48,1,0
BRDA:511,49,0,0
BRDA:511,49,1,0
BRDA:512,50,0,0
BRDA:512,50,1,0
BRDA:513,51,0,0
BRDA:513,51,1,0
BRDA:520,52,0,0
BRDA:520,52,1,1
BRDA:521,53,0,0
BRDA:521,53,1,0
BRDA:525,54,0,0
BRDA:525,54,1,1
BRDA:526,55,0,0
BRDA:526,55,1,0
BRDA:529,56,0,0
BRDA:529,56,1,1
BRDA:530,57,0,0
BRDA:530,57,1,0
BRDA:533,58,0,0
BRDA:533,58,1,1
BRDA:541,59,0,0
BRDA:541,59,1,1
BRDA:542,60,0,0
BRDA:542,60,1,1
BRDA:544,61,0,1
BRDA:544,61,1,0
BRDA:544,61,2,0
BRDA:544,61,3,0
BRDA:544,61,4,0
BRF:135
BRH:69
end_of_record
TN:
SF:src\context\ThemeContext.js
FN:6,(anonymous_0)
FN:88,(anonymous_1)
FN:94,(anonymous_2)
FN:98,(anonymous_3)
FN:113,(anonymous_4)
FN:128,(anonymous_5)
FNF:6
FNH:6
FNDA:29,(anonymous_0)
FNDA:27,(anonymous_1)
FNDA:11,(anonymous_2)
FNDA:11,(anonymous_3)
FNDA:5,(anonymous_4)
FNDA:27,(anonymous_5)
DA:4,1
DA:6,1
DA:7,29
DA:8,29
DA:9,2
DA:11,27
DA:14,1
DA:51,1
DA:88,1
DA:89,27
DA:90,27
DA:91,27
DA:94,27
DA:95,11
DA:98,27
DA:99,11
DA:100,11
DA:101,10
DA:102,10
DA:103,10
DA:104,10
DA:107,1
DA:109,11
DA:113,27
DA:114,5
DA:115,5
DA:116,5
DA:118,5
DA:119,5
DA:122,5
DA:124,1
DA:128,27
DA:135,27
LF:33
LH:33
BRDA:8,0,0,2
BRDA:8,0,1,27
BRDA:101,1,0,10
BRDA:101,1,1,0
BRDA:104,2,0,0
BRDA:104,2,1,10
BRDA:116,3,0,4
BRDA:116,3,1,1
BRDA:122,4,0,4
BRDA:122,4,1,1
BRF:10
BRH:8
end_of_record
TN:
SF:src\hooks\useOptimizedFlatList.js
FN:14,(anonymous_0)
FN:23,(anonymous_1)
FN:32,(anonymous_2)
FN:42,(anonymous_3)
FN:75,(anonymous_4)
FN:83,(anonymous_5)
FN:91,(anonymous_6)
FNF:7
FNH:2
FNDA:28,(anonymous_0)
FNDA:0,(anonymous_1)
FNDA:0,(anonymous_2)
FNDA:10,(anonymous_3)
FNDA:0,(anonymous_4)
FNDA:0,(anonymous_5)
FNDA:0,(anonymous_6)
DA:14,1
DA:20,28
DA:23,28
DA:24,0
DA:25,0
DA:27,0
DA:31,28
DA:32,0
DA:41,28
DA:42,10
DA:67,28
DA:75,1
DA:81,0
DA:83,0
DA:84,0
DA:85,0
DA:87,0
DA:90,0
DA:91,0
DA:103,0
LF:20
LH:8
BRDA:14,0,0,0
BRDA:14,1,0,28
BRDA:16,2,0,28
BRDA:17,3,0,28
BRDA:18,4,0,28
BRDA:19,5,0,28
BRDA:24,6,0,0
BRDA:24,6,1,0
BRDA:75,7,0,0
BRDA:77,8,0,0
BRDA:78,9,0,0
BRDA:79,10,0,0
BRDA:80,11,0,0
BRDA:84,12,0,0
BRDA:84,12,1,0
BRF:15
BRH:5
end_of_record
TN:
SF:src\navigation\AppNavigator.js
FN:39,(anonymous_0)
FN:45,(anonymous_1)
FN:51,(anonymous_2)
FN:57,(anonymous_3)
FN:63,(anonymous_4)
FN:69,(anonymous_5)
FN:75,(anonymous_6)
FN:81,(anonymous_7)
FN:87,(anonymous_8)
FN:93,(anonymous_9)
FN:99,(anonymous_10)
FN:105,(anonymous_11)
FN:111,(anonymous_12)
FN:117,(anonymous_13)
FN:123,(anonymous_14)
FN:129,(anonymous_15)
FN:135,(anonymous_16)
FN:141,(anonymous_17)
FN:148,(anonymous_18)
FN:213,(anonymous_19)
FN:259,(anonymous_20)
FN:299,(anonymous_21)
FN:311,(anonymous_22)
FN:322,(anonymous_23)
FN:332,(anonymous_24)
FN:342,(anonymous_25)
FN:353,(anonymous_26)
FN:364,(anonymous_27)
FN:376,(anonymous_28)
FN:405,(anonymous_29)
FN:411,(anonymous_30)
FNF:31
FNH:0
FNDA:0,(anonymous_0)
FNDA:0,(anonymous_1)
FNDA:0,(anonymous_2)
FNDA:0,(anonymous_3)
FNDA:0,(anonymous_4)
FNDA:0,(anonymous_5)
FNDA:0,(anonymous_6)
FNDA:0,(anonymous_7)
FNDA:0,(anonymous_8)
FNDA:0,(anonymous_9)
FNDA:0,(anonymous_10)
FNDA:0,(anonymous_11)
FNDA:0,(anonymous_12)
FNDA:0,(anonymous_13)
FNDA:0,(anonymous_14)
FNDA:0,(anonymous_15)
FNDA:0,(anonymous_16)
FNDA:0,(anonymous_17)
FNDA:0,(anonymous_18)
FNDA:0,(anonymous_19)
FNDA:0,(anonymous_20)
FNDA:0,(anonymous_21)
FNDA:0,(anonymous_22)
FNDA:0,(anonymous_23)
FNDA:0,(anonymous_24)
FNDA:0,(anonymous_25)
FNDA:0,(anonymous_26)
FNDA:0,(anonymous_27)
FNDA:0,(anonymous_28)
FNDA:0,(anonymous_29)
FNDA:0,(anonymous_30)
DA:35,0
DA:36,0
DA:39,0
DA:40,0
DA:45,0
DA:46,0
DA:51,0
DA:52,0
DA:57,0
DA:58,0
DA:63,0
DA:64,0
DA:69,0
DA:70,0
DA:75,0
DA:76,0
DA:81,0
DA:82,0
DA:87,0
DA:88,0
DA:93,0
DA:94,0
DA:99,0
DA:100,0
DA:105,0
DA:106,0
DA:111,0
DA:112,0
DA:117,0
DA:118,0
DA:123,0
DA:124,0
DA:129,0
DA:130,0
DA:135,0
DA:136,0
DA:141,0
DA:142,0
DA:148,0
DA:149,0
DA:151,0
DA:213,0
DA:214,0
DA:216,0
DA:259,0
DA:260,0
DA:261,0
DA:264,0
DA:265,0
DA:266,0
DA:274,0
DA:275,0
DA:277,0
DA:300,0
DA:312,0
DA:323,0
DA:333,0
DA:343,0
DA:354,0
DA:364,0
DA:365,0
DA:367,0
DA:376,0
DA:377,0
DA:380,0
DA:381,0
DA:382,0
DA:395,0
DA:397,0
DA:398,0
DA:402,0
DA:403,0
DA:407,0
DA:408,0
DA:413,0
DA:420,0
DA:421,0
DA:434,0
LF:78
LH:0
BRDA:264,0,0,0
BRDA:264,0,1,0
BRDA:264,1,0,0
BRDA:264,1,1,0
BRDA:275,2,0,0
BRDA:275,2,1,0
BRDA:275,2,2,0
BRDA:300,3,0,0
BRDA:300,3,1,0
BRDA:306,4,0,0
BRDA:306,4,1,0
BRDA:312,5,0,0
BRDA:312,5,1,0
BRDA:323,6,0,0
BRDA:323,6,1,0
BRDA:333,7,0,0
BRDA:333,7,1,0
BRDA:343,8,0,0
BRDA:343,8,1,0
BRDA:354,9,0,0
BRDA:354,9,1,0
BRDA:380,10,0,0
BRDA:380,10,1,0
BRDA:397,11,0,0
BRDA:397,11,1,0
BRDA:407,12,0,0
BRDA:407,12,1,0
BRDA:416,13,0,0
BRDA:416,13,1,0
BRDA:427,14,0,0
BRDA:427,14,1,0
BRF:31
BRH:0
end_of_record
TN:
SF:src\screens\AddExpenseScreen.js
FN:22,(anonymous_0)
FN:64,(anonymous_1)
FN:68,(anonymous_2)
FN:74,(anonymous_3)
FN:92,(anonymous_4)
FN:110,(anonymous_5)
FN:133,(anonymous_6)
FN:173,(anonymous_7)
FN:188,(anonymous_8)
FN:195,(anonymous_9)
FN:227,(anonymous_10)
FN:245,(anonymous_11)
FN:248,(anonymous_12)
FN:264,(anonymous_13)
FN:278,(anonymous_14)
FN:295,(anonymous_15)
FN:308,(anonymous_16)
FN:332,(anonymous_17)
FN:342,(anonymous_18)
FN:345,(anonymous_19)
FN:360,(anonymous_20)
FN:370,(anonymous_21)
FN:377,(anonymous_22)
FN:397,(anonymous_23)
FN:404,(anonymous_24)
FN:426,(anonymous_25)
FN:449,(anonymous_26)
FN:455,(anonymous_27)
FN:460,(anonymous_28)
FNF:29
FNH:0
FNDA:0,(anonymous_0)
FNDA:0,(anonymous_1)
FNDA:0,(anonymous_2)
FNDA:0,(anonymous_3)
FNDA:0,(anonymous_4)
FNDA:0,(anonymous_5)
FNDA:0,(anonymous_6)
FNDA:0,(anonymous_7)
FNDA:0,(anonymous_8)
FNDA:0,(anonymous_9)
FNDA:0,(anonymous_10)
FNDA:0,(anonymous_11)
FNDA:0,(anonymous_12)
FNDA:0,(anonymous_13)
FNDA:0,(anonymous_14)
FNDA:0,(anonymous_15)
FNDA:0,(anonymous_16)
FNDA:0,(anonymous_17)
FNDA:0,(anonymous_18)
FNDA:0,(anonymous_19)
FNDA:0,(anonymous_20)
FNDA:0,(anonymous_21)
FNDA:0,(anonymous_22)
FNDA:0,(anonymous_23)
FNDA:0,(anonymous_24)
FNDA:0,(anonymous_25)
FNDA:0,(anonymous_26)
FNDA:0,(anonymous_27)
FNDA:0,(anonymous_28)
DA:22,0
DA:23,0
DA:24,0
DA:26,0
DA:27,0
DA:28,0
DA:30,0
DA:31,0
DA:38,0
DA:39,0
DA:40,0
DA:43,0
DA:58,0
DA:59,0
DA:60,0
DA:61,0
DA:62,0
DA:64,0
DA:65,0
DA:68,0
DA:69,0
DA:70,0
DA:74,0
DA:75,0
DA:76,0
DA:77,0
DA:78,0
DA:79,0
DA:80,0
DA:81,0
DA:83,0
DA:84,0
DA:87,0
DA:88,0
DA:92,0
DA:93,0
DA:94,0
DA:95,0
DA:96,0
DA:97,0
DA:98,0
DA:99,0
DA:101,0
DA:102,0
DA:105,0
DA:106,0
DA:110,0
DA:111,0
DA:113,0
DA:114,0
DA:117,0
DA:118,0
DA:121,0
DA:122,0
DA:125,0
DA:126,0
DA:129,0
DA:130,0
DA:133,0
DA:134,0
DA:135,0
DA:136,0
DA:139,0
DA:140,0
DA:142,0
DA:145,0
DA:147,0
DA:149,0
DA:151,0
DA:160,0
DA:161,0
DA:163,0
DA:166,0
DA:167,0
DA:173,0
DA:178,0
DA:181,0
DA:182,0
DA:184,0
DA:188,0
DA:189,0
DA:190,0
DA:191,0
DA:195,0
DA:196,0
DA:199,0
DA:211,0
DA:222,0
DA:227,0
DA:245,0
DA:249,0
DA:264,0
DA:278,0
DA:295,0
DA:308,0
DA:332,0
DA:342,0
DA:346,0
DA:360,0
DA:370,0
DA:378,0
DA:397,0
DA:405,0
DA:426,0
DA:450,0
DA:456,0
DA:457,0
DA:458,0
DA:459,0
DA:460,0
DA:464,0
DA:482,0
LF:112
LH:0
BRDA:23,0,0,0
BRDA:23,0,1,0
BRDA:30,1,0,0
BRDA:30,1,1,0
BRDA:30,2,0,0
BRDA:30,2,1,0
BRDA:30,2,2,0
BRDA:44,3,0,0
BRDA:44,3,1,0
BRDA:45,4,0,0
BRDA:45,4,1,0
BRDA:46,5,0,0
BRDA:46,5,1,0
BRDA:47,6,0,0
BRDA:47,6,1,0
BRDA:48,7,0,0
BRDA:48,7,1,0
BRDA:49,8,0,0
BRDA:49,8,1,0
BRDA:50,9,0,0
BRDA:50,9,1,0
BRDA:51,10,0,0
BRDA:51,10,1,0
BRDA:52,11,0,0
BRDA:52,11,1,0
BRDA:53,12,0,0
BRDA:53,12,1,0
BRDA:54,13,0,0
BRDA:54,13,1,0
BRDA:55,14,0,0
BRDA:55,14,1,0
BRDA:69,15,0,0
BRDA:69,15,1,0
BRDA:78,16,0,0
BRDA:78,16,1,0
BRDA:79,17,0,0
BRDA:79,17,1,0
BRDA:96,18,0,0
BRDA:96,18,1,0
BRDA:97,19,0,0
BRDA:97,19,1,0
BRDA:113,20,0,0
BRDA:113,20,1,0
BRDA:117,21,0,0
BRDA:117,21,1,0
BRDA:117,22,0,0
BRDA:117,22,1,0
BRDA:121,23,0,0
BRDA:121,23,1,0
BRDA:121,24,0,0
BRDA:121,24,1,0
BRDA:125,25,0,0
BRDA:125,25,1,0
BRDA:134,26,0,0
BRDA:134,26,1,0
BRDA:139,27,0,0
BRDA:139,27,1,0
BRDA:155,28,0,0
BRDA:155,28,1,0
BRDA:156,29,0,0
BRDA:156,29,1,0
BRDA:160,30,0,0
BRDA:160,30,1,0
BRDA:166,31,0,0
BRDA:166,31,1,0
BRDA:169,32,0,0
BRDA:169,32,1,0
BRDA:178,33,0,0
BRDA:178,33,1,0
BRDA:182,34,0,0
BRDA:182,34,1,0
BRDA:190,35,0,0
BRDA:190,35,1,0
BRDA:231,36,0,0
BRDA:231,36,1,0
BRDA:253,37,0,0
BRDA:253,37,1,0
BRDA:282,38,0,0
BRDA:282,38,1,0
BRDA:298,39,0,0
BRDA:298,39,1,0
BRDA:313,40,0,0
BRDA:313,40,1,0
BRDA:369,41,0,0
BRDA:369,41,1,0
BRDA:370,42,0,0
BRDA:370,42,1,0
BRDA:374,43,0,0
BRDA:374,43,1,0
BRDA:374,44,0,0
BRDA:374,44,1,0
BRDA:377,45,0,0
BRDA:377,45,1,0
BRDA:378,46,0,0
BRDA:378,46,1,0
BRDA:378,47,0,0
BRDA:378,47,1,0
BRDA:381,48,0,0
BRDA:381,48,1,0
BRDA:381,49,0,0
BRDA:381,49,1,0
BRDA:381,50,0,0
BRDA:381,50,1,0
BRDA:391,51,0,0
BRDA:391,51,1,0
BRDA:396,52,0,0
BRDA:396,52,1,0
BRDA:397,53,0,0
BRDA:397,53,1,0
BRDA:401,54,0,0
BRDA:401,54,1,0
BRDA:401,55,0,0
BRDA:401,55,1,0
BRDA:404,56,0,0
BRDA:404,56,1,0
BRDA:405,57,0,0
BRDA:405,57,1,0
BRDA:405,58,0,0
BRDA:405,58,1,0
BRDA:408,59,0,0
BRDA:408,59,1,0
BRDA:408,60,0,0
BRDA:408,60,1,0
BRDA:434,61,0,0
BRDA:434,61,1,0
BRDA:438,62,0,0
BRDA:438,62,1,0
BRDA:441,63,0,0
BRDA:441,63,1,0
BRDA:446,64,0,0
BRDA:446,64,1,0
BRDA:458,65,0,0
BRDA:458,65,1,0
BRF:133
BRH:0
end_of_record
TN:
SF:src\screens\AddSaleScreen.js
FN:19,(anonymous_0)
FN:48,(anonymous_1)
FN:53,(anonymous_2)
FN:54,(anonymous_3)
FN:61,(anonymous_4)
FN:65,(anonymous_5)
FN:69,(anonymous_6)
FN:100,(anonymous_7)
FN:104,(anonymous_8)
FN:107,(anonymous_9)
FN:111,(anonymous_10)
FN:114,(anonymous_11)
FN:154,(anonymous_12)
FN:167,(anonymous_13)
FN:173,(anonymous_14)
FN:182,(anonymous_15)
FN:188,(anonymous_16)
FN:191,(anonymous_17)
FN:217,(anonymous_18)
FN:226,(anonymous_19)
FN:244,(anonymous_20)
FN:253,(anonymous_21)
FN:277,(anonymous_22)
FN:289,(anonymous_23)
FN:350,(anonymous_24)
FN:362,(anonymous_25)
FN:385,(anonymous_26)
FNF:27
FNH:0
FNDA:0,(anonymous_0)
FNDA:0,(anonymous_1)
FNDA:0,(anonymous_2)
FNDA:0,(anonymous_3)
FNDA:0,(anonymous_4)
FNDA:0,(anonymous_5)
FNDA:0,(anonymous_6)
FNDA:0,(anonymous_7)
FNDA:0,(anonymous_8)
FNDA:0,(anonymous_9)
FNDA:0,(anonymous_10)
FNDA:0,(anonymous_11)
FNDA:0,(anonymous_12)
FNDA:0,(anonymous_13)
FNDA:0,(anonymous_14)
FNDA:0,(anonymous_15)
FNDA:0,(anonymous_16)
FNDA:0,(anonymous_17)
FNDA:0,(anonymous_18)
FNDA:0,(anonymous_19)
FNDA:0,(anonymous_20)
FNDA:0,(anonymous_21)
FNDA:0,(anonymous_22)
FNDA:0,(anonymous_23)
FNDA:0,(anonymous_24)
FNDA:0,(anonymous_25)
FNDA:0,(anonymous_26)
DA:19,0
DA:20,0
DA:21,0
DA:22,0
DA:23,0
DA:26,0
DA:45,0
DA:46,0
DA:48,0
DA:49,0
DA:53,0
DA:54,0
DA:55,0
DA:56,0
DA:58,0
DA:61,0
DA:62,0
DA:65,0
DA:66,0
DA:69,0
DA:70,0
DA:71,0
DA:72,0
DA:77,0
DA:78,0
DA:79,0
DA:81,0
DA:82,0
DA:85,0
DA:86,0
DA:87,0
DA:88,0
DA:90,0
DA:91,0
DA:94,0
DA:95,0
DA:96,0
DA:100,0
DA:101,0
DA:102,0
DA:103,0
DA:104,0
DA:107,0
DA:108,0
DA:109,0
DA:110,0
DA:111,0
DA:114,0
DA:116,0
DA:117,0
DA:118,0
DA:121,0
DA:122,0
DA:123,0
DA:126,0
DA:127,0
DA:129,0
DA:151,0
DA:153,0
DA:154,0
DA:157,0
DA:158,0
DA:163,0
DA:167,0
DA:168,0
DA:173,0
DA:182,0
DA:183,0
DA:188,0
DA:192,0
DA:203,0
DA:218,0
DA:227,0
DA:245,0
DA:254,0
DA:277,0
DA:290,0
DA:291,0
DA:292,0
DA:350,0
DA:363,0
DA:364,0
DA:365,0
DA:385,0
DA:410,0
LF:85
LH:0
BRDA:77,0,0,0
BRDA:77,0,1,0
BRDA:85,1,0,0
BRDA:85,1,1,0
BRDA:86,2,0,0
BRDA:86,2,1,0
BRDA:101,3,0,0
BRDA:101,3,1,0
BRDA:102,4,0,0
BRDA:102,4,1,0
BRDA:108,5,0,0
BRDA:108,5,1,0
BRDA:109,6,0,0
BRDA:109,6,1,0
BRDA:116,7,0,0
BRDA:116,7,1,0
BRDA:116,8,0,0
BRDA:116,8,1,0
BRDA:121,9,0,0
BRDA:121,9,1,0
BRDA:121,10,0,0
BRDA:121,10,1,0
BRDA:130,11,0,0
BRDA:130,11,1,0
BRDA:131,12,0,0
BRDA:131,12,1,0
BRDA:139,13,0,0
BRDA:139,13,1,0
BRDA:140,14,0,0
BRDA:140,14,1,0
BRDA:143,15,0,0
BRDA:143,15,1,0
BRDA:146,16,0,0
BRDA:146,16,1,0
BRDA:147,17,0,0
BRDA:147,17,1,0
BRDA:148,18,0,0
BRDA:148,18,1,0
BRDA:160,19,0,0
BRDA:160,19,1,0
BRDA:167,20,0,0
BRDA:167,21,0,0
BRDA:171,22,0,0
BRDA:171,22,1,0
BRDA:177,23,0,0
BRDA:177,23,1,0
BRDA:218,24,0,0
BRDA:218,24,1,0
BRDA:223,25,0,0
BRDA:223,25,1,0
BRDA:223,26,0,0
BRDA:223,26,1,0
BRDA:226,27,0,0
BRDA:226,27,1,0
BRDA:227,28,0,0
BRDA:227,28,1,0
BRDA:227,29,0,0
BRDA:227,29,1,0
BRDA:230,30,0,0
BRDA:230,30,1,0
BRDA:245,31,0,0
BRDA:245,31,1,0
BRDA:250,32,0,0
BRDA:250,32,1,0
BRDA:250,33,0,0
BRDA:250,33,1,0
BRDA:253,34,0,0
BRDA:253,34,1,0
BRDA:254,35,0,0
BRDA:254,35,1,0
BRDA:254,36,0,0
BRDA:254,36,1,0
BRDA:257,37,0,0
BRDA:257,37,1,0
BRDA:257,38,0,0
BRDA:257,38,1,0
BRDA:257,39,0,0
BRDA:257,39,1,0
BRDA:257,39,2,0
BRDA:284,40,0,0
BRDA:284,40,1,0
BRDA:288,41,0,0
BRDA:288,41,1,0
BRDA:291,42,0,0
BRDA:291,42,1,0
BRDA:311,43,0,0
BRDA:311,43,1,0
BRDA:340,44,0,0
BRDA:340,44,1,0
BRDA:345,45,0,0
BRDA:345,45,1,0
BRDA:357,46,0,0
BRDA:357,46,1,0
BRDA:361,47,0,0
BRDA:361,47,1,0
BRDA:364,48,0,0
BRDA:364,48,1,0
BRDA:392,49,0,0
BRDA:392,49,1,0
BRDA:396,50,0,0
BRDA:396,50,1,0
BRF:101
BRH:0
end_of_record
TN:
SF:src\screens\AnalyticsScreen.js
FN:35,(anonymous_0)
FN:51,(anonymous_1)
FN:102,(anonymous_2)
FN:109,(anonymous_3)
FN:117,(anonymous_4)
FN:124,(anonymous_5)
FN:132,(anonymous_6)
FN:136,(anonymous_7)
FN:151,(anonymous_8)
FN:173,(anonymous_9)
FN:188,(anonymous_10)
FN:206,(anonymous_11)
FN:210,(anonymous_12)
FN:217,(anonymous_13)
FN:236,(anonymous_14)
FN:320,(anonymous_15)
FN:392,(anonymous_16)
FN:399,(anonymous_17)
FNF:18
FNH:0
FNDA:0,(anonymous_0)
FNDA:0,(anonymous_1)
FNDA:0,(anonymous_2)
FNDA:0,(anonymous_3)
FNDA:0,(anonymous_4)
FNDA:0,(anonymous_5)
FNDA:0,(anonymous_6)
FNDA:0,(anonymous_7)
FNDA:0,(anonymous_8)
FNDA:0,(anonymous_9)
FNDA:0,(anonymous_10)
FNDA:0,(anonymous_11)
FNDA:0,(anonymous_12)
FNDA:0,(anonymous_13)
FNDA:0,(anonymous_14)
FNDA:0,(anonymous_15)
FNDA:0,(anonymous_16)
FNDA:0,(anonymous_17)
DA:35,0
DA:36,0
DA:37,0
DA:38,0
DA:39,0
DA:42,0
DA:43,0
DA:46,0
DA:51,0
DA:52,0
DA:53,0
DA:54,0
DA:56,0
DA:59,0
DA:60,0
DA:62,0
DA:64,0
DA:65,0
DA:67,0
DA:68,0
DA:70,0
DA:71,0
DA:73,0
DA:76,0
DA:82,0
DA:87,0
DA:88,0
DA:90,0
DA:91,0
DA:92,0
DA:94,0
DA:95,0
DA:102,0
DA:103,0
DA:109,0
DA:110,0
DA:111,0
DA:117,0
DA:118,0
DA:124,0
DA:125,0
DA:126,0
DA:132,0
DA:136,0
DA:146,0
DA:147,0
DA:151,0
DA:152,0
DA:153,0
DA:154,0
DA:155,0
DA:157,0
DA:163,0
DA:165,0
DA:166,0
DA:173,0
DA:174,0
DA:175,0
DA:178,0
DA:188,0
DA:189,0
DA:190,0
DA:193,0
DA:206,0
DA:207,0
DA:211,0
DA:217,0
DA:236,0
DA:237,0
DA:238,0
DA:248,0
DA:320,0
DA:321,0
DA:347,0
DA:348,0
DA:359,0
DA:392,0
DA:399,0
DA:410,0
LF:79
LH:0
BRDA:51,0,0,0
BRDA:53,1,0,0
BRDA:53,1,1,0
BRDA:62,2,0,0
BRDA:62,2,1,0
BRDA:62,2,2,0
BRDA:62,2,3,0
BRDA:91,3,0,0
BRDA:91,3,1,0
BRDA:92,4,0,0
BRDA:92,4,1,0
BRDA:174,5,0,0
BRDA:174,5,1,0
BRDA:174,6,0,0
BRDA:174,6,1,0
BRDA:174,6,2,0
BRDA:189,7,0,0
BRDA:189,7,1,0
BRDA:189,8,0,0
BRDA:189,8,1,0
BRDA:194,9,0,0
BRDA:194,9,1,0
BRDA:197,10,0,0
BRDA:197,10,1,0
BRDA:215,11,0,0
BRDA:215,11,1,0
BRDA:222,12,0,0
BRDA:222,12,1,0
BRDA:225,13,0,0
BRDA:225,13,1,0
BRDA:225,14,0,0
BRDA:225,14,1,0
BRDA:237,15,0,0
BRDA:237,15,1,0
BRDA:252,16,0,0
BRDA:252,16,1,0
BRDA:257,17,0,0
BRDA:257,17,1,0
BRDA:260,18,0,0
BRDA:260,18,1,0
BRDA:268,19,0,0
BRDA:268,19,1,0
BRDA:273,20,0,0
BRDA:273,20,1,0
BRDA:276,21,0,0
BRDA:276,21,1,0
BRDA:284,22,0,0
BRDA:284,22,1,0
BRDA:289,23,0,0
BRDA:289,23,1,0
BRDA:292,24,0,0
BRDA:292,24,1,0
BRDA:300,25,0,0
BRDA:300,25,1,0
BRDA:305,26,0,0
BRDA:305,26,1,0
BRDA:308,27,0,0
BRDA:308,27,1,0
BRDA:329,28,0,0
BRDA:329,28,1,0
BRDA:339,29,0,0
BRDA:339,29,1,0
BRDA:347,30,0,0
BRDA:347,30,1,0
BRDA:347,31,0,0
BRDA:347,31,1,0
BRF:66
BRH:0
end_of_record
TN:
SF:src\screens\BatchesScreen.js
FN:24,(anonymous_0)
FN:52,(anonymous_1)
FN:56,(anonymous_2)
FN:77,(anonymous_3)
FN:89,(anonymous_4)
FN:96,(anonymous_5)
FN:102,(anonymous_6)
FN:115,(anonymous_7)
FN:122,(anonymous_8)
FN:153,(anonymous_9)
FN:173,(anonymous_10)
FN:200,(anonymous_11)
FN:245,(anonymous_12)
FN:282,(anonymous_13)
FN:304,(anonymous_14)
FN:310,(anonymous_15)
FN:344,(anonymous_16)
FN:350,(anonymous_17)
FN:361,(anonymous_18)
FN:372,(anonymous_19)
FN:386,(anonymous_20)
FN:449,(anonymous_21)
FN:468,(anonymous_22)
FN:494,(anonymous_23)
FN:503,(anonymous_24)
FN:512,(anonymous_25)
FN:524,(anonymous_26)
FN:526,(anonymous_27)
FN:530,(anonymous_28)
FN:553,(anonymous_29)
FN:559,(anonymous_30)
FN:611,(anonymous_31)
FN:637,(anonymous_32)
FN:657,(anonymous_33)
FN:706,(anonymous_34)
FN:707,(anonymous_35)
FN:720,(anonymous_36)
FN:725,(anonymous_37)
FN:734,(anonymous_38)
FN:766,(anonymous_39)
FN:767,(anonymous_40)
FN:784,(anonymous_41)
FN:785,(anonymous_42)
FN:802,(anonymous_43)
FN:803,(anonymous_44)
FN:821,(anonymous_45)
FN:822,(anonymous_46)
FN:835,(anonymous_47)
FN:836,(anonymous_48)
FNF:49
FNH:11
FNDA:28,(anonymous_0)
FNDA:10,(anonymous_1)
FNDA:10,(anonymous_2)
FNDA:0,(anonymous_3)
FNDA:0,(anonymous_4)
FNDA:10,(anonymous_5)
FNDA:20,(anonymous_6)
FNDA:10,(anonymous_7)
FNDA:10,(anonymous_8)
FNDA:0,(anonymous_9)
FNDA:19,(anonymous_10)
FNDA:0,(anonymous_11)
FNDA:0,(anonymous_12)
FNDA:8,(anonymous_13)
FNDA:0,(anonymous_14)
FNDA:0,(anonymous_15)
FNDA:0,(anonymous_16)
FNDA:0,(anonymous_17)
FNDA:0,(anonymous_18)
FNDA:0,(anonymous_19)
FNDA:0,(anonymous_20)
FNDA:0,(anonymous_21)
FNDA:0,(anonymous_22)
FNDA:0,(anonymous_23)
FNDA:0,(anonymous_24)
FNDA:0,(anonymous_25)
FNDA:0,(anonymous_26)
FNDA:0,(anonymous_27)
FNDA:0,(anonymous_28)
FNDA:0,(anonymous_29)
FNDA:0,(anonymous_30)
FNDA:0,(anonymous_31)
FNDA:8,(anonymous_32)
FNDA:0,(anonymous_33)
FNDA:0,(anonymous_34)
FNDA:0,(anonymous_35)
FNDA:0,(anonymous_36)
FNDA:0,(anonymous_37)
FNDA:34,(anonymous_38)
FNDA:0,(anonymous_39)
FNDA:0,(anonymous_40)
FNDA:0,(anonymous_41)
FNDA:0,(anonymous_42)
FNDA:0,(anonymous_43)
FNDA:0,(anonymous_44)
FNDA:0,(anonymous_45)
FNDA:0,(anonymous_46)
FNDA:0,(anonymous_47)
FNDA:0,(anonymous_48)
DA:24,1
DA:25,28
DA:26,28
DA:27,28
DA:28,28
DA:29,28
DA:30,28
DA:31,28
DA:32,28
DA:33,28
DA:34,28
DA:35,28
DA:36,28
DA:47,28
DA:50,28
DA:52,28
DA:53,10
DA:56,10
DA:57,10
DA:58,10
DA:61,10
DA:64,10
DA:65,10
DA:66,10
DA:67,10
DA:69,10
DA:70,10
DA:71,10
DA:72,10
DA:77,0
DA:78,0
DA:82,10
DA:83,10
DA:86,0
DA:88,0
DA:89,0
DA:94,10
DA:96,10
DA:97,10
DA:102,28
DA:103,20
DA:105,0
DA:106,0
DA:107,0
DA:109,0
DA:115,28
DA:116,10
DA:117,0
DA:118,0
DA:122,28
DA:124,10
DA:125,0
DA:126,0
DA:129,10
DA:130,10
DA:131,10
DA:134,10
DA:137,10
DA:143,10
DA:144,0
DA:145,0
DA:148,10
DA:149,10
DA:152,10
DA:153,10
DA:164,10
DA:165,10
DA:167,0
DA:168,0
DA:172,10
DA:173,19
DA:179,10
DA:180,10
DA:181,10
DA:184,0
DA:185,0
DA:187,0
DA:190,0
DA:191,0
DA:194,0
DA:195,0
DA:196,0
DA:199,0
DA:200,0
DA:206,0
DA:207,0
DA:208,0
DA:210,0
DA:211,0
DA:214,0
DA:215,0
DA:216,0
DA:221,10
DA:222,10
DA:226,0
DA:229,0
DA:230,0
DA:234,0
DA:235,0
DA:236,0
DA:238,0
DA:239,0
DA:245,28
DA:247,0
DA:249,0
DA:250,0
DA:251,0
DA:253,0
DA:256,0
DA:259,0
DA:260,0
DA:263,0
DA:266,0
DA:269,0
DA:272,0
DA:273,0
DA:274,0
DA:276,0
DA:277,0
DA:282,28
DA:283,8
DA:286,8
DA:287,8
DA:288,0
DA:289,0
DA:290,0
DA:294,8
DA:297,8
DA:301,8
DA:302,0
DA:304,0
DA:305,0
DA:311,0
DA:312,0
DA:320,8
DA:321,8
DA:331,8
DA:332,8
DA:333,8
DA:337,8
DA:338,0
DA:339,0
DA:344,28
DA:345,0
DA:346,0
DA:347,0
DA:349,0
DA:350,0
DA:357,0
DA:358,0
DA:360,0
DA:361,0
DA:363,0
DA:367,0
DA:372,28
DA:373,0
DA:374,0
DA:375,0
DA:386,28
DA:387,0
DA:388,0
DA:389,0
DA:391,0
DA:393,0
DA:397,0
DA:398,0
DA:400,0
DA:403,0
DA:413,0
DA:414,0
DA:417,0
DA:418,0
DA:419,0
DA:420,0
DA:421,0
DA:423,0
DA:426,0
DA:427,0
DA:428,0
DA:429,0
DA:431,0
DA:435,0
DA:436,0
DA:437,0
DA:440,0
DA:441,0
DA:444,0
DA:445,0
DA:449,28
DA:450,0
DA:453,0
DA:454,0
DA:455,0
DA:456,0
DA:457,0
DA:460,0
DA:469,0
DA:470,0
DA:471,0
DA:473,0
DA:474,0
DA:475,0
DA:476,0
DA:479,0
DA:480,0
DA:482,0
DA:485,0
DA:486,0
DA:494,28
DA:495,0
DA:500,0
DA:503,28
DA:504,0
DA:509,0
DA:512,28
DA:513,0
DA:514,0
DA:515,0
DA:516,0
DA:517,0
DA:519,0
DA:520,0
DA:521,0
DA:524,28
DA:525,0
DA:526,0
DA:527,0
DA:530,28
DA:532,0
DA:533,0
DA:536,0
DA:553,0
DA:559,0
DA:611,28
DA:612,0
DA:613,0
DA:614,0
DA:616,0
DA:620,28
DA:621,10
DA:629,18
DA:637,8
DA:657,0
DA:707,0
DA:721,0
DA:723,0
DA:724,0
DA:725,0
DA:735,34
DA:767,0
DA:785,0
DA:803,0
DA:822,0
DA:836,0
DA:871,1
LF:255
LH:89
BRDA:70,0,0,10
BRDA:70,0,1,0
BRDA:82,1,0,10
BRDA:82,1,1,0
BRDA:88,2,0,0
BRDA:88,2,1,0
BRDA:103,3,0,0
BRDA:103,3,1,20
BRDA:105,4,0,0
BRDA:105,4,1,0
BRDA:105,4,2,0
BRDA:106,5,0,0
BRDA:106,5,1,0
BRDA:106,6,0,0
BRDA:106,6,1,0
BRDA:116,7,0,0
BRDA:116,7,1,10
BRDA:122,8,0,10
BRDA:124,9,0,0
BRDA:124,9,1,10
BRDA:130,10,0,10
BRDA:130,10,1,0
BRDA:130,11,0,10
BRDA:130,11,1,10
BRDA:143,12,0,0
BRDA:143,12,1,10
BRDA:152,13,0,10
BRDA:152,13,1,0
BRDA:152,14,0,10
BRDA:152,14,1,10
BRDA:155,15,0,0
BRDA:155,15,1,0
BRDA:155,15,2,0
BRDA:157,16,0,0
BRDA:157,16,1,0
BRDA:157,16,2,0
BRDA:158,17,0,0
BRDA:158,17,1,0
BRDA:159,18,0,0
BRDA:159,18,1,0
BRDA:160,19,0,0
BRDA:160,19,1,0
BRDA:160,19,2,0
BRDA:161,20,0,0
BRDA:161,20,1,0
BRDA:172,21,0,10
BRDA:172,21,1,0
BRDA:172,22,0,10
BRDA:172,22,1,10
BRDA:172,22,2,10
BRDA:175,23,0,19
BRDA:175,23,1,0
BRDA:175,23,2,0
BRDA:176,24,0,19
BRDA:176,24,1,0
BRDA:180,25,0,10
BRDA:180,25,1,10
BRDA:194,26,0,0
BRDA:194,26,1,0
BRDA:199,27,0,0
BRDA:199,27,1,0
BRDA:199,28,0,0
BRDA:199,28,1,0
BRDA:199,28,2,0
BRDA:202,29,0,0
BRDA:202,29,1,0
BRDA:202,29,2,0
BRDA:203,30,0,0
BRDA:203,30,1,0
BRDA:207,31,0,0
BRDA:207,31,1,0
BRDA:215,32,0,0
BRDA:215,32,1,0
BRDA:221,33,0,10
BRDA:221,33,1,0
BRDA:221,34,0,10
BRDA:221,34,1,10
BRDA:229,35,0,0
BRDA:229,35,1,0
BRDA:238,36,0,0
BRDA:238,36,1,0
BRDA:238,37,0,0
BRDA:238,37,1,0
BRDA:247,38,0,0
BRDA:247,38,1,0
BRDA:250,39,0,0
BRDA:250,39,1,0
BRDA:259,40,0,0
BRDA:259,40,1,0
BRDA:269,41,0,0
BRDA:269,41,1,0
BRDA:276,42,0,0
BRDA:276,42,1,0
BRDA:282,43,0,8
BRDA:283,44,0,8
BRDA:283,44,1,8
BRDA:286,45,0,8
BRDA:286,45,1,0
BRDA:286,45,2,0
BRDA:287,46,0,0
BRDA:287,46,1,8
BRDA:297,47,0,8
BRDA:297,47,1,0
BRDA:301,48,0,0
BRDA:301,48,1,8
BRDA:301,49,0,8
BRDA:301,49,1,0
BRDA:322,50,0,8
BRDA:322,50,1,8
BRDA:322,50,2,8
BRDA:323,51,0,8
BRDA:323,51,1,8
BRDA:323,52,0,8
BRDA:323,52,1,0
BRDA:324,53,0,8
BRDA:324,53,1,8
BRDA:324,53,2,8
BRDA:325,54,0,8
BRDA:325,54,1,8
BRDA:326,55,0,8
BRDA:326,55,1,8
BRDA:327,56,0,8
BRDA:327,56,1,8
BRDA:327,56,2,8
BRDA:328,57,0,8
BRDA:328,57,1,8
BRDA:337,58,0,0
BRDA:337,58,1,8
BRDA:349,59,0,0
BRDA:349,59,1,0
BRDA:349,60,0,0
BRDA:349,60,1,0
BRDA:349,60,2,0
BRDA:352,61,0,0
BRDA:352,61,1,0
BRDA:352,61,2,0
BRDA:353,62,0,0
BRDA:353,62,1,0
BRDA:357,63,0,0
BRDA:357,63,1,0
BRDA:357,64,0,0
BRDA:357,64,1,0
BRDA:360,65,0,0
BRDA:360,65,1,0
BRDA:360,66,0,0
BRDA:360,66,1,0
BRDA:387,67,0,0
BRDA:387,67,1,0
BRDA:387,68,0,0
BRDA:387,68,1,0
BRDA:387,68,2,0
BRDA:387,68,3,0
BRDA:387,68,4,0
BRDA:388,69,0,0
BRDA:388,69,1,0
BRDA:398,70,0,0
BRDA:398,70,1,0
BRDA:398,71,0,0
BRDA:398,71,1,0
BRDA:408,72,0,0
BRDA:408,72,1,0
BRDA:417,73,0,0
BRDA:417,73,1,0
BRDA:420,74,0,0
BRDA:420,74,1,0
BRDA:423,75,0,0
BRDA:423,75,1,0
BRDA:428,76,0,0
BRDA:428,76,1,0
BRDA:431,77,0,0
BRDA:431,77,1,0
BRDA:445,78,0,0
BRDA:445,78,1,0
BRDA:450,79,0,0
BRDA:450,79,1,0
BRDA:453,80,0,0
BRDA:453,80,1,0
BRDA:453,80,2,0
BRDA:454,81,0,0
BRDA:454,81,1,0
BRDA:462,82,0,0
BRDA:462,82,1,0
BRDA:470,83,0,0
BRDA:470,83,1,0
BRDA:473,84,0,0
BRDA:473,84,1,0
BRDA:482,85,0,0
BRDA:482,85,1,0
BRDA:486,86,0,0
BRDA:486,86,1,0
BRDA:500,87,0,0
BRDA:500,87,1,0
BRDA:509,88,0,0
BRDA:509,88,1,0
BRDA:513,89,0,0
BRDA:513,89,1,0
BRDA:519,90,0,0
BRDA:519,90,1,0
BRDA:525,91,0,0
BRDA:525,91,1,0
BRDA:525,92,0,0
BRDA:525,92,1,0
BRDA:526,93,0,0
BRDA:526,93,1,0
BRDA:527,94,0,0
BRDA:527,94,1,0
BRDA:532,95,0,0
BRDA:532,95,1,0
BRDA:540,96,0,0
BRDA:540,96,1,0
BRDA:540,96,2,0
BRDA:542,97,0,0
BRDA:542,97,1,0
BRDA:543,98,0,0
BRDA:543,98,1,0
BRDA:544,99,0,0
BRDA:544,99,1,0
BRDA:549,100,0,0
BRDA:549,100,1,0
BRDA:549,100,2,0
BRDA:549,100,3,0
BRDA:576,101,0,0
BRDA:576,101,1,0
BRDA:576,101,2,0
BRDA:581,102,0,0
BRDA:581,102,1,0
BRDA:586,103,0,0
BRDA:586,103,1,0
BRDA:590,104,0,0
BRDA:590,104,1,0
BRDA:595,105,0,0
BRDA:595,105,1,0
BRDA:595,106,0,0
BRDA:595,106,1,0
BRDA:603,107,0,0
BRDA:603,107,1,0
BRDA:612,108,0,0
BRDA:612,108,1,0
BRDA:620,109,0,10
BRDA:620,109,1,18
BRDA:634,110,0,18
BRDA:634,110,1,0
BRDA:634,110,2,0
BRDA:634,110,3,18
BRDA:645,111,0,18
BRDA:645,111,1,0
BRDA:645,112,0,18
BRDA:645,112,1,18
BRDA:650,113,0,18
BRDA:650,113,1,0
BRDA:650,114,0,18
BRDA:650,114,1,0
BRDA:650,114,2,0
BRDA:654,115,0,18
BRDA:654,115,1,0
BRDA:654,115,2,0
BRDA:654,115,3,18
BRDA:692,116,0,0
BRDA:692,116,1,18
BRDA:723,117,0,0
BRDA:723,117,1,0
BRDA:730,118,0,0
BRDA:730,118,1,18
BRDA:734,119,0,18
BRDA:734,119,1,18
BRDA:735,120,0,34
BRDA:735,120,1,0
BRDA:735,121,0,34
BRDA:735,121,1,34
BRDA:738,122,0,34
BRDA:738,122,1,0
BRDA:738,123,0,34
BRDA:738,123,1,0
BRDA:746,124,0,18
BRDA:746,124,1,0
BRDA:859,125,0,0
BRDA:859,125,1,18
BRF:277
BRH:73
end_of_record
TN:
SF:src\screens\CustomersScreen.js
FN:18,(anonymous_0)
FN:26,(anonymous_1)
FN:42,(anonymous_2)
FN:49,(anonymous_3)
FN:54,(anonymous_4)
FN:60,(anonymous_5)
FN:64,(anonymous_6)
FN:77,(anonymous_7)
FN:80,(anonymous_8)
FN:174,(anonymous_9)
FN:183,(anonymous_10)
FN:205,(anonymous_11)
FN:212,(anonymous_12)
FN:213,(anonymous_13)
FN:222,(anonymous_14)
FN:234,(anonymous_15)
FN:287,(anonymous_16)
FN:297,(anonymous_17)
FN:309,(anonymous_18)
FN:320,(anonymous_19)
FN:328,(anonymous_20)
FN:335,(anonymous_21)
FNF:22
FNH:0
FNDA:0,(anonymous_0)
FNDA:0,(anonymous_1)
FNDA:0,(anonymous_2)
FNDA:0,(anonymous_3)
FNDA:0,(anonymous_4)
FNDA:0,(anonymous_5)
FNDA:0,(anonymous_6)
FNDA:0,(anonymous_7)
FNDA:0,(anonymous_8)
FNDA:0,(anonymous_9)
FNDA:0,(anonymous_10)
FNDA:0,(anonymous_11)
FNDA:0,(anonymous_12)
FNDA:0,(anonymous_13)
FNDA:0,(anonymous_14)
FNDA:0,(anonymous_15)
FNDA:0,(anonymous_16)
FNDA:0,(anonymous_17)
FNDA:0,(anonymous_18)
FNDA:0,(anonymous_19)
FNDA:0,(anonymous_20)
FNDA:0,(anonymous_21)
DA:18,0
DA:19,0
DA:20,0
DA:21,0
DA:22,0
DA:23,0
DA:24,0
DA:26,0
DA:27,0
DA:28,0
DA:29,0
DA:31,0
DA:32,0
DA:35,0
DA:36,0
DA:38,0
DA:42,0
DA:43,0
DA:44,0
DA:45,0
DA:48,0
DA:50,0
DA:54,0
DA:55,0
DA:60,0
DA:61,0
DA:64,0
DA:65,0
DA:67,0
DA:69,0
DA:71,0
DA:73,0
DA:77,0
DA:78,0
DA:80,0
DA:154,0
DA:155,0
DA:163,0
DA:174,0
DA:183,0
DA:205,0
DA:212,0
DA:214,0
DA:215,0
DA:222,0
DA:223,0
DA:224,0
DA:234,0
DA:235,0
DA:236,0
DA:237,0
DA:240,0
DA:241,0
DA:242,0
DA:243,0
DA:244,0
DA:253,0
DA:255,0
DA:256,0
DA:261,0
DA:265,0
DA:287,0
DA:297,0
DA:309,0
DA:320,0
DA:329,0
DA:335,0
DA:378,0
LF:68
LH:0
BRDA:31,0,0,0
BRDA:31,0,1,0
BRDA:31,1,0,0
BRDA:31,1,1,0
BRDA:55,2,0,0
BRDA:55,2,1,0
BRDA:55,2,2,0
BRDA:55,2,3,0
BRDA:65,3,0,0
BRDA:65,3,1,0
BRDA:65,3,2,0
BRDA:65,3,3,0
BRDA:95,4,0,0
BRDA:95,4,1,0
BRDA:119,5,0,0
BRDA:119,5,1,0
BRDA:128,6,0,0
BRDA:128,6,1,0
BRDA:138,7,0,0
BRDA:138,7,1,0
BRDA:143,8,0,0
BRDA:143,8,1,0
BRDA:154,9,0,0
BRDA:154,9,1,0
BRDA:173,10,0,0
BRDA:173,10,1,0
BRDA:188,11,0,0
BRDA:188,11,1,0
BRDA:191,12,0,0
BRDA:191,12,1,0
BRDA:235,13,0,0
BRDA:235,13,1,0
BRDA:235,14,0,0
BRDA:235,14,1,0
BRDA:235,14,2,0
BRDA:258,15,0,0
BRDA:258,15,1,0
BRDA:333,16,0,0
BRDA:333,16,1,0
BRDA:340,17,0,0
BRDA:340,17,1,0
BRDA:361,18,0,0
BRDA:361,18,1,0
BRDA:365,19,0,0
BRDA:365,19,1,0
BRF:45
BRH:0
end_of_record
TN:
SF:src\screens\DashboardScreen.js
FN:23,(anonymous_0)
FN:55,(anonymous_1)
FN:59,(anonymous_2)
FN:62,(anonymous_3)
FN:74,(anonymous_4)
FN:85,(anonymous_5)
FN:88,(anonymous_6)
FN:91,(anonymous_7)
FN:100,(anonymous_8)
FN:110,(anonymous_9)
FN:113,(anonymous_10)
FN:123,(anonymous_11)
FN:134,(anonymous_12)
FN:142,(anonymous_13)
FN:156,(anonymous_14)
FN:157,(anonymous_15)
FN:275,(anonymous_16)
FN:286,(anonymous_17)
FN:293,(anonymous_18)
FN:326,(anonymous_19)
FN:337,(anonymous_20)
FN:348,(anonymous_21)
FN:359,(anonymous_22)
FN:370,(anonymous_23)
FN:383,(anonymous_24)
FN:396,(anonymous_25)
FN:515,(anonymous_26)
FN:621,(anonymous_27)
FN:646,(anonymous_28)
FN:657,(anonymous_29)
FN:666,(anonymous_30)
FNF:31
FNH:0
FNDA:0,(anonymous_0)
FNDA:0,(anonymous_1)
FNDA:0,(anonymous_2)
FNDA:0,(anonymous_3)
FNDA:0,(anonymous_4)
FNDA:0,(anonymous_5)
FNDA:0,(anonymous_6)
FNDA:0,(anonymous_7)
FNDA:0,(anonymous_8)
FNDA:0,(anonymous_9)
FNDA:0,(anonymous_10)
FNDA:0,(anonymous_11)
FNDA:0,(anonymous_12)
FNDA:0,(anonymous_13)
FNDA:0,(anonymous_14)
FNDA:0,(anonymous_15)
FNDA:0,(anonymous_16)
FNDA:0,(anonymous_17)
FNDA:0,(anonymous_18)
FNDA:0,(anonymous_19)
FNDA:0,(anonymous_20)
FNDA:0,(anonymous_21)
FNDA:0,(anonymous_22)
FNDA:0,(anonymous_23)
FNDA:0,(anonymous_24)
FNDA:0,(anonymous_25)
FNDA:0,(anonymous_26)
FNDA:0,(anonymous_27)
FNDA:0,(anonymous_28)
FNDA:0,(anonymous_29)
FNDA:0,(anonymous_30)
DA:23,0
DA:25,0
DA:26,0
DA:27,0
DA:28,0
DA:31,0
DA:32,0
DA:42,0
DA:43,0
DA:44,0
DA:45,0
DA:47,0
DA:48,0
DA:49,0
DA:50,0
DA:53,0
DA:55,0
DA:56,0
DA:57,0
DA:59,0
DA:60,0
DA:62,0
DA:63,0
DA:64,0
DA:68,0
DA:72,0
DA:74,0
DA:75,0
DA:76,0
DA:77,0
DA:78,0
DA:84,0
DA:86,0
DA:88,0
DA:89,0
DA:91,0
DA:92,0
DA:93,0
DA:98,0
DA:100,0
DA:101,0
DA:102,0
DA:103,0
DA:110,0
DA:111,0
DA:113,0
DA:114,0
DA:115,0
DA:116,0
DA:119,0
DA:120,0
DA:123,0
DA:124,0
DA:125,0
DA:126,0
DA:132,0
DA:134,0
DA:135,0
DA:136,0
DA:137,0
DA:142,0
DA:144,0
DA:145,0
DA:146,0
DA:149,0
DA:150,0
DA:151,0
DA:155,0
DA:156,0
DA:157,0
DA:160,0
DA:161,0
DA:163,0
DA:169,0
DA:170,0
DA:171,0
DA:175,0
DA:176,0
DA:177,0
DA:181,0
DA:182,0
DA:183,0
DA:185,0
DA:189,0
DA:190,0
DA:191,0
DA:195,0
DA:196,0
DA:197,0
DA:200,0
DA:202,0
DA:203,0
DA:216,0
DA:217,0
DA:218,0
DA:221,0
DA:234,0
DA:235,0
DA:236,0
DA:239,0
DA:240,0
DA:244,0
DA:247,0
DA:248,0
DA:252,0
DA:265,0
DA:266,0
DA:268,0
DA:269,0
DA:275,0
DA:276,0
DA:277,0
DA:278,0
DA:281,0
DA:284,0
DA:285,0
DA:287,0
DA:288,0
DA:290,0
DA:294,0
DA:299,0
DA:302,0
DA:305,0
DA:318,0
DA:319,0
DA:321,0
DA:326,0
DA:327,0
DA:328,0
DA:329,0
DA:330,0
DA:333,0
DA:337,0
DA:338,0
DA:339,0
DA:340,0
DA:341,0
DA:344,0
DA:348,0
DA:349,0
DA:350,0
DA:351,0
DA:352,0
DA:355,0
DA:359,0
DA:360,0
DA:361,0
DA:362,0
DA:363,0
DA:366,0
DA:370,0
DA:371,0
DA:372,0
DA:375,0
DA:376,0
DA:379,0
DA:383,0
DA:384,0
DA:385,0
DA:387,0
DA:388,0
DA:391,0
DA:396,0
DA:397,0
DA:407,0
DA:516,0
DA:622,0
DA:646,0
DA:647,0
DA:654,0
DA:657,0
DA:658,0
DA:663,0
DA:666,0
DA:667,0
DA:668,0
DA:669,0
DA:670,0
DA:671,0
DA:672,0
DA:673,0
DA:675,0
DA:676,0
DA:677,0
DA:678,0
DA:681,0
LF:186
LH:0
BRDA:31,0,0,0
BRDA:31,0,1,0
BRDA:31,1,0,0
BRDA:31,1,1,0
BRDA:31,1,2,0
BRDA:31,1,3,0
BRDA:63,2,0,0
BRDA:63,2,1,0
BRDA:76,3,0,0
BRDA:76,3,1,0
BRDA:92,4,0,0
BRDA:92,4,1,0
BRDA:101,5,0,0
BRDA:101,5,1,0
BRDA:115,6,0,0
BRDA:115,6,1,0
BRDA:115,7,0,0
BRDA:115,7,1,0
BRDA:119,8,0,0
BRDA:119,8,1,0
BRDA:124,9,0,0
BRDA:124,9,1,0
BRDA:135,10,0,0
BRDA:135,10,1,0
BRDA:142,11,0,0
BRDA:144,12,0,0
BRDA:144,12,1,0
BRDA:150,13,0,0
BRDA:150,13,1,0
BRDA:150,14,0,0
BRDA:150,14,1,0
BRDA:169,15,0,0
BRDA:169,15,1,0
BRDA:175,16,0,0
BRDA:175,16,1,0
BRDA:181,17,0,0
BRDA:181,17,1,0
BRDA:189,18,0,0
BRDA:189,18,1,0
BRDA:195,19,0,0
BRDA:195,19,1,0
BRDA:200,20,0,0
BRDA:200,20,1,0
BRDA:200,21,0,0
BRDA:200,21,1,0
BRDA:200,21,2,0
BRDA:202,22,0,0
BRDA:202,22,1,0
BRDA:204,23,0,0
BRDA:204,23,1,0
BRDA:204,23,2,0
BRDA:205,24,0,0
BRDA:205,24,1,0
BRDA:205,24,2,0
BRDA:206,25,0,0
BRDA:206,25,1,0
BRDA:207,26,0,0
BRDA:207,26,1,0
BRDA:207,26,2,0
BRDA:208,27,0,0
BRDA:208,27,1,0
BRDA:208,27,2,0
BRDA:209,28,0,0
BRDA:209,28,1,0
BRDA:210,29,0,0
BRDA:210,29,1,0
BRDA:211,30,0,0
BRDA:211,30,1,0
BRDA:217,31,0,0
BRDA:217,31,1,0
BRDA:239,32,0,0
BRDA:239,32,1,0
BRDA:239,33,0,0
BRDA:239,33,1,0
BRDA:247,34,0,0
BRDA:247,34,1,0
BRDA:268,35,0,0
BRDA:268,35,1,0
BRDA:268,36,0,0
BRDA:268,36,1,0
BRDA:284,37,0,0
BRDA:284,37,1,0
BRDA:284,38,0,0
BRDA:284,38,1,0
BRDA:287,39,0,0
BRDA:287,39,1,0
BRDA:328,40,0,0
BRDA:328,40,1,0
BRDA:329,41,0,0
BRDA:329,41,1,0
BRDA:339,42,0,0
BRDA:339,42,1,0
BRDA:340,43,0,0
BRDA:340,43,1,0
BRDA:350,44,0,0
BRDA:350,44,1,0
BRDA:351,45,0,0
BRDA:351,45,1,0
BRDA:361,46,0,0
BRDA:361,46,1,0
BRDA:362,47,0,0
BRDA:362,47,1,0
BRDA:372,48,0,0
BRDA:372,48,1,0
BRDA:375,49,0,0
BRDA:375,49,1,0
BRDA:385,50,0,0
BRDA:385,50,1,0
BRDA:387,51,0,0
BRDA:387,51,1,0
BRDA:396,52,0,0
BRDA:403,53,0,0
BRDA:403,53,1,0
BRDA:431,54,0,0
BRDA:431,54,1,0
BRDA:433,55,0,0
BRDA:433,55,1,0
BRDA:433,56,0,0
BRDA:433,56,1,0
BRDA:439,57,0,0
BRDA:439,57,1,0
BRDA:440,58,0,0
BRDA:440,58,1,0
BRDA:441,59,0,0
BRDA:441,59,1,0
BRDA:444,60,0,0
BRDA:444,60,1,0
BRDA:464,61,0,0
BRDA:464,61,1,0
BRDA:464,61,2,0
BRDA:464,61,3,0
BRDA:467,62,0,0
BRDA:467,62,1,0
BRDA:475,63,0,0
BRDA:475,63,1,0
BRDA:482,64,0,0
BRDA:482,64,1,0
BRDA:483,65,0,0
BRDA:483,65,1,0
BRDA:490,66,0,0
BRDA:490,66,1,0
BRDA:491,67,0,0
BRDA:491,67,1,0
BRDA:497,68,0,0
BRDA:497,68,1,0
BRDA:500,69,0,0
BRDA:500,69,1,0
BRDA:513,70,0,0
BRDA:513,70,1,0
BRDA:513,71,0,0
BRDA:513,71,1,0
BRDA:516,72,0,0
BRDA:516,72,1,0
BRDA:522,73,0,0
BRDA:522,73,1,0
BRDA:548,74,0,0
BRDA:548,74,1,0
BRDA:558,75,0,0
BRDA:558,75,1,0
BRDA:565,76,0,0
BRDA:565,76,1,0
BRDA:565,76,2,0
BRDA:565,76,3,0
BRDA:571,77,0,0
BRDA:571,77,1,0
BRDA:581,78,0,0
BRDA:581,78,1,0
BRDA:594,79,0,0
BRDA:594,79,1,0
BRDA:601,80,0,0
BRDA:601,80,1,0
BRDA:606,81,0,0
BRDA:606,81,1,0
BRDA:616,82,0,0
BRDA:616,82,1,0
BRDA:616,82,2,0
BRDA:622,83,0,0
BRDA:622,83,1,0
BRDA:630,84,0,0
BRDA:630,84,1,0
BRDA:631,85,0,0
BRDA:631,85,1,0
BRDA:654,86,0,0
BRDA:654,86,1,0
BRDA:663,87,0,0
BRDA:663,87,1,0
BRDA:667,88,0,0
BRDA:667,88,1,0
BRDA:675,89,0,0
BRDA:675,89,1,0
BRDA:676,90,0,0
BRDA:676,90,1,0
BRDA:677,91,0,0
BRDA:677,91,1,0
BRF:194
BRH:0
end_of_record
TN:
SF:src\screens\ExpensesScreen.js
FN:24,(anonymous_0)
FN:56,(anonymous_1)
FN:60,(anonymous_2)
FN:67,(anonymous_3)
FN:69,(anonymous_4)
FN:73,(anonymous_5)
FN:113,(anonymous_6)
FN:118,(anonymous_7)
FN:127,(anonymous_8)
FN:144,(anonymous_9)
FN:159,(anonymous_10)
FN:174,(anonymous_11)
FN:178,(anonymous_12)
FN:183,(anonymous_13)
FN:186,(anonymous_14)
FN:200,(anonymous_15)
FN:221,(anonymous_16)
FN:224,(anonymous_17)
FN:234,(anonymous_18)
FN:264,(anonymous_19)
FN:279,(anonymous_20)
FN:282,(anonymous_21)
FN:290,(anonymous_22)
FN:299,(anonymous_23)
FN:301,(anonymous_24)
FN:323,(anonymous_25)
FN:331,(anonymous_26)
FNF:27
FNH:0
FNDA:0,(anonymous_0)
FNDA:0,(anonymous_1)
FNDA:0,(anonymous_2)
FNDA:0,(anonymous_3)
FNDA:0,(anonymous_4)
FNDA:0,(anonymous_5)
FNDA:0,(anonymous_6)
FNDA:0,(anonymous_7)
FNDA:0,(anonymous_8)
FNDA:0,(anonymous_9)
FNDA:0,(anonymous_10)
FNDA:0,(anonymous_11)
FNDA:0,(anonymous_12)
FNDA:0,(anonymous_13)
FNDA:0,(anonymous_14)
FNDA:0,(anonymous_15)
FNDA:0,(anonymous_16)
FNDA:0,(anonymous_17)
FNDA:0,(anonymous_18)
FNDA:0,(anonymous_19)
FNDA:0,(anonymous_20)
FNDA:0,(anonymous_21)
FNDA:0,(anonymous_22)
FNDA:0,(anonymous_23)
FNDA:0,(anonymous_24)
FNDA:0,(anonymous_25)
FNDA:0,(anonymous_26)
DA:24,0
DA:26,0
DA:27,0
DA:28,0
DA:30,0
DA:31,0
DA:39,0
DA:40,0
DA:41,0
DA:43,0
DA:44,0
DA:45,0
DA:46,0
DA:47,0
DA:52,0
DA:54,0
DA:56,0
DA:57,0
DA:58,0
DA:60,0
DA:61,0
DA:66,0
DA:68,0
DA:69,0
DA:73,0
DA:74,0
DA:75,0
DA:76,0
DA:80,0
DA:81,0
DA:82,0
DA:83,0
DA:84,0
DA:86,0
DA:87,0
DA:89,0
DA:91,0
DA:92,0
DA:96,0
DA:97,0
DA:98,0
DA:101,0
DA:102,0
DA:103,0
DA:106,0
DA:107,0
DA:108,0
DA:113,0
DA:114,0
DA:115,0
DA:118,0
DA:119,0
DA:128,0
DA:129,0
DA:130,0
DA:131,0
DA:132,0
DA:135,0
DA:136,0
DA:144,0
DA:145,0
DA:156,0
DA:159,0
DA:160,0
DA:171,0
DA:174,0
DA:175,0
DA:178,0
DA:179,0
DA:180,0
DA:183,0
DA:184,0
DA:186,0
DA:200,0
DA:221,0
DA:222,0
DA:224,0
DA:226,0
DA:235,0
DA:250,0
DA:251,0
DA:254,0
DA:264,0
DA:279,0
DA:282,0
DA:291,0
DA:300,0
DA:301,0
DA:323,0
DA:331,0
DA:344,0
LF:91
LH:0
BRDA:30,0,0,0
BRDA:30,0,1,0
BRDA:30,1,0,0
BRDA:30,1,1,0
BRDA:30,1,2,0
BRDA:73,2,0,0
BRDA:75,3,0,0
BRDA:75,3,1,0
BRDA:75,4,0,0
BRDA:75,4,1,0
BRDA:81,5,0,0
BRDA:81,5,1,0
BRDA:82,6,0,0
BRDA:82,6,1,0
BRDA:83,7,0,0
BRDA:83,7,1,0
BRDA:84,8,0,0
BRDA:84,8,1,0
BRDA:87,9,0,0
BRDA:87,9,1,0
BRDA:91,10,0,0
BRDA:91,10,1,0
BRDA:91,11,0,0
BRDA:91,11,1,0
BRDA:92,12,0,0
BRDA:92,12,1,0
BRDA:97,13,0,0
BRDA:97,13,1,0
BRDA:97,14,0,0
BRDA:97,14,1,0
BRDA:98,15,0,0
BRDA:98,15,1,0
BRDA:102,16,0,0
BRDA:102,16,1,0
BRDA:106,17,0,0
BRDA:106,17,1,0
BRDA:130,18,0,0
BRDA:130,18,1,0
BRDA:156,19,0,0
BRDA:156,19,1,0
BRDA:171,20,0,0
BRDA:171,20,1,0
BRDA:175,21,0,0
BRDA:175,21,1,0
BRDA:195,22,0,0
BRDA:195,22,1,0
BRDA:209,23,0,0
BRDA:209,23,1,0
BRDA:222,24,0,0
BRDA:222,24,1,0
BRDA:222,25,0,0
BRDA:222,25,1,0
BRDA:224,26,0,0
BRDA:224,26,1,0
BRDA:250,27,0,0
BRDA:250,27,1,0
BRDA:281,28,0,0
BRDA:281,28,1,0
BRDA:296,29,0,0
BRDA:296,29,1,0
BRDA:296,30,0,0
BRDA:296,30,1,0
BRDA:300,31,0,0
BRDA:300,31,1,0
BRDA:307,32,0,0
BRDA:307,32,1,0
BRDA:307,33,0,0
BRDA:307,33,1,0
BRDA:337,34,0,0
BRDA:337,34,1,0
BRF:70
BRH:0
end_of_record
TN:
SF:src\screens\FarmsScreen.js
FN:22,(anonymous_0)
FN:42,(anonymous_1)
FN:47,(anonymous_2)
FN:52,(anonymous_3)
FN:75,(anonymous_4)
FN:119,(anonymous_5)
FN:137,(anonymous_6)
FN:144,(anonymous_7)
FN:168,(anonymous_8)
FN:179,(anonymous_9)
FN:185,(anonymous_10)
FN:227,(anonymous_11)
FN:236,(anonymous_12)
FN:262,(anonymous_13)
FN:275,(anonymous_14)
FN:281,(anonymous_15)
FN:327,(anonymous_16)
FN:348,(anonymous_17)
FN:364,(anonymous_18)
FN:373,(anonymous_19)
FN:414,(anonymous_20)
FN:415,(anonymous_21)
FN:431,(anonymous_22)
FN:432,(anonymous_23)
FN:446,(anonymous_24)
FN:447,(anonymous_25)
FN:469,(anonymous_26)
FN:470,(anonymous_27)
FNF:28
FNH:0
FNDA:0,(anonymous_0)
FNDA:0,(anonymous_1)
FNDA:0,(anonymous_2)
FNDA:0,(anonymous_3)
FNDA:0,(anonymous_4)
FNDA:0,(anonymous_5)
FNDA:0,(anonymous_6)
FNDA:0,(anonymous_7)
FNDA:0,(anonymous_8)
FNDA:0,(anonymous_9)
FNDA:0,(anonymous_10)
FNDA:0,(anonymous_11)
FNDA:0,(anonymous_12)
FNDA:0,(anonymous_13)
FNDA:0,(anonymous_14)
FNDA:0,(anonymous_15)
FNDA:0,(anonymous_16)
FNDA:0,(anonymous_17)
FNDA:0,(anonymous_18)
FNDA:0,(anonymous_19)
FNDA:0,(anonymous_20)
FNDA:0,(anonymous_21)
FNDA:0,(anonymous_22)
FNDA:0,(anonymous_23)
FNDA:0,(anonymous_24)
FNDA:0,(anonymous_25)
FNDA:0,(anonymous_26)
FNDA:0,(anonymous_27)
DA:22,0
DA:23,0
DA:24,0
DA:25,0
DA:26,0
DA:27,0
DA:28,0
DA:29,0
DA:30,0
DA:31,0
DA:32,0
DA:40,0
DA:42,0
DA:43,0
DA:45,0
DA:47,0
DA:48,0
DA:52,0
DA:54,0
DA:55,0
DA:56,0
DA:59,0
DA:60,0
DA:61,0
DA:65,0
DA:68,0
DA:69,0
DA:70,0
DA:73,0
DA:75,0
DA:86,0
DA:87,0
DA:88,0
DA:91,0
DA:92,0
DA:93,0
DA:96,0
DA:97,0
DA:101,0
DA:104,0
DA:105,0
DA:109,0
DA:110,0
DA:112,0
DA:113,0
DA:119,0
DA:121,0
DA:123,0
DA:124,0
DA:125,0
DA:127,0
DA:130,0
DA:131,0
DA:135,0
DA:136,0
DA:138,0
DA:139,0
DA:141,0
DA:145,0
DA:150,0
DA:153,0
DA:156,0
DA:159,0
DA:160,0
DA:162,0
DA:163,0
DA:168,0
DA:169,0
DA:170,0
DA:176,0
DA:179,0
DA:180,0
DA:181,0
DA:182,0
DA:185,0
DA:186,0
DA:187,0
DA:188,0
DA:191,0
DA:192,0
DA:195,0
DA:196,0
DA:197,0
DA:198,0
DA:199,0
DA:201,0
DA:204,0
DA:205,0
DA:206,0
DA:207,0
DA:209,0
DA:213,0
DA:214,0
DA:215,0
DA:218,0
DA:219,0
DA:222,0
DA:223,0
DA:227,0
DA:228,0
DA:237,0
DA:238,0
DA:239,0
DA:241,0
DA:242,0
DA:243,0
DA:244,0
DA:247,0
DA:248,0
DA:250,0
DA:253,0
DA:254,0
DA:262,0
DA:264,0
DA:265,0
DA:268,0
DA:275,0
DA:281,0
DA:327,0
DA:328,0
DA:329,0
DA:332,0
DA:333,0
DA:341,0
DA:348,0
DA:364,0
DA:373,0
DA:415,0
DA:432,0
DA:447,0
DA:470,0
DA:501,0
LF:132
LH:0
BRDA:52,0,0,0
BRDA:54,1,0,0
BRDA:54,1,1,0
BRDA:60,2,0,0
BRDA:60,2,1,0
BRDA:60,3,0,0
BRDA:60,3,1,0
BRDA:68,4,0,0
BRDA:68,4,1,0
BRDA:73,5,0,0
BRDA:73,5,1,0
BRDA:73,6,0,0
BRDA:73,6,1,0
BRDA:77,7,0,0
BRDA:77,7,1,0
BRDA:77,7,2,0
BRDA:78,8,0,0
BRDA:78,8,1,0
BRDA:79,9,0,0
BRDA:79,9,1,0
BRDA:80,10,0,0
BRDA:80,10,1,0
BRDA:80,10,2,0
BRDA:81,11,0,0
BRDA:81,11,1,0
BRDA:82,12,0,0
BRDA:82,12,1,0
BRDA:83,13,0,0
BRDA:83,13,1,0
BRDA:87,14,0,0
BRDA:87,14,1,0
BRDA:96,15,0,0
BRDA:96,15,1,0
BRDA:96,16,0,0
BRDA:96,16,1,0
BRDA:104,17,0,0
BRDA:104,17,1,0
BRDA:112,18,0,0
BRDA:112,18,1,0
BRDA:112,19,0,0
BRDA:112,19,1,0
BRDA:121,20,0,0
BRDA:121,20,1,0
BRDA:124,21,0,0
BRDA:124,21,1,0
BRDA:130,22,0,0
BRDA:130,22,1,0
BRDA:135,23,0,0
BRDA:135,23,1,0
BRDA:135,24,0,0
BRDA:135,24,1,0
BRDA:135,24,2,0
BRDA:138,25,0,0
BRDA:138,25,1,0
BRDA:138,26,0,0
BRDA:138,26,1,0
BRDA:156,27,0,0
BRDA:156,27,1,0
BRDA:162,28,0,0
BRDA:162,28,1,0
BRDA:168,29,0,0
BRDA:171,30,0,0
BRDA:171,30,1,0
BRDA:172,31,0,0
BRDA:172,31,1,0
BRDA:173,32,0,0
BRDA:173,32,1,0
BRDA:174,33,0,0
BRDA:174,33,1,0
BRDA:174,33,2,0
BRDA:186,34,0,0
BRDA:186,34,1,0
BRDA:186,35,0,0
BRDA:186,35,1,0
BRDA:195,36,0,0
BRDA:195,36,1,0
BRDA:198,37,0,0
BRDA:198,37,1,0
BRDA:201,38,0,0
BRDA:201,38,1,0
BRDA:206,39,0,0
BRDA:206,39,1,0
BRDA:209,40,0,0
BRDA:209,40,1,0
BRDA:223,41,0,0
BRDA:223,41,1,0
BRDA:241,42,0,0
BRDA:241,42,1,0
BRDA:250,43,0,0
BRDA:250,43,1,0
BRDA:254,44,0,0
BRDA:254,44,1,0
BRDA:264,45,0,0
BRDA:264,45,1,0
BRDA:271,46,0,0
BRDA:271,46,1,0
BRDA:291,47,0,0
BRDA:291,47,1,0
BRDA:296,48,0,0
BRDA:296,48,1,0
BRDA:299,49,0,0
BRDA:299,49,1,0
BRDA:299,49,2,0
BRDA:302,50,0,0
BRDA:302,50,1,0
BRDA:308,51,0,0
BRDA:308,51,1,0
BRDA:312,52,0,0
BRDA:312,52,1,0
BRDA:328,53,0,0
BRDA:328,53,1,0
BRDA:332,54,0,0
BRDA:332,54,1,0
BRDA:355,55,0,0
BRDA:355,55,1,0
BRDA:371,56,0,0
BRDA:371,56,1,0
BRDA:373,57,0,0
BRDA:373,57,1,0
BRDA:400,58,0,0
BRDA:400,58,1,0
BRDA:489,59,0,0
BRDA:489,59,1,0
BRF:123
BRH:0
end_of_record
TN:
SF:src\screens\FinancialAnalyticsScreen.js
FN:34,(anonymous_0)
FN:46,(anonymous_1)
FN:79,(anonymous_2)
FN:86,(anonymous_3)
FN:94,(anonymous_4)
FN:109,(anonymous_5)
FN:121,(anonymous_6)
FN:136,(anonymous_7)
FN:154,(anonymous_8)
FN:172,(anonymous_9)
FN:258,(anonymous_10)
FN:268,(anonymous_11)
FN:272,(anonymous_12)
FNF:13
FNH:0
FNDA:0,(anonymous_0)
FNDA:0,(anonymous_1)
FNDA:0,(anonymous_2)
FNDA:0,(anonymous_3)
FNDA:0,(anonymous_4)
FNDA:0,(anonymous_5)
FNDA:0,(anonymous_6)
FNDA:0,(anonymous_7)
FNDA:0,(anonymous_8)
FNDA:0,(anonymous_9)
FNDA:0,(anonymous_10)
FNDA:0,(anonymous_11)
FNDA:0,(anonymous_12)
DA:34,0
DA:35,0
DA:36,0
DA:37,0
DA:38,0
DA:41,0
DA:46,0
DA:47,0
DA:48,0
DA:49,0
DA:51,0
DA:54,0
DA:55,0
DA:56,0
DA:58,0
DA:64,0
DA:65,0
DA:67,0
DA:68,0
DA:69,0
DA:71,0
DA:72,0
DA:79,0
DA:80,0
DA:86,0
DA:87,0
DA:88,0
DA:94,0
DA:95,0
DA:96,0
DA:99,0
DA:100,0
DA:109,0
DA:121,0
DA:122,0
DA:123,0
DA:126,0
DA:136,0
DA:137,0
DA:138,0
DA:141,0
DA:154,0
DA:155,0
DA:156,0
DA:159,0
DA:172,0
DA:173,0
DA:174,0
DA:184,0
DA:186,0
DA:258,0
DA:259,0
DA:260,0
DA:267,0
DA:268,0
DA:270,0
DA:273,0
DA:274,0
DA:300,0
DA:301,0
DA:312,0
DA:386,0
LF:62
LH:0
BRDA:46,0,0,0
BRDA:48,1,0,0
BRDA:48,1,1,0
BRDA:68,2,0,0
BRDA:68,2,1,0
BRDA:69,3,0,0
BRDA:69,3,1,0
BRDA:95,4,0,0
BRDA:95,4,1,0
BRDA:95,5,0,0
BRDA:95,5,1,0
BRDA:112,6,0,0
BRDA:112,6,1,0
BRDA:122,7,0,0
BRDA:122,7,1,0
BRDA:122,8,0,0
BRDA:122,8,1,0
BRDA:127,9,0,0
BRDA:127,9,1,0
BRDA:130,10,0,0
BRDA:130,10,1,0
BRDA:137,11,0,0
BRDA:137,11,1,0
BRDA:137,12,0,0
BRDA:137,12,1,0
BRDA:142,13,0,0
BRDA:142,13,1,0
BRDA:145,14,0,0
BRDA:145,14,1,0
BRDA:155,15,0,0
BRDA:155,15,1,0
BRDA:155,16,0,0
BRDA:155,16,1,0
BRDA:160,17,0,0
BRDA:160,17,1,0
BRDA:163,18,0,0
BRDA:163,18,1,0
BRDA:173,19,0,0
BRDA:173,19,1,0
BRDA:184,20,0,0
BRDA:184,20,1,0
BRDA:190,21,0,0
BRDA:190,21,1,0
BRDA:195,22,0,0
BRDA:195,22,1,0
BRDA:198,23,0,0
BRDA:198,23,1,0
BRDA:206,24,0,0
BRDA:206,24,1,0
BRDA:211,25,0,0
BRDA:211,25,1,0
BRDA:214,26,0,0
BRDA:214,26,1,0
BRDA:222,27,0,0
BRDA:222,27,1,0
BRDA:227,28,0,0
BRDA:227,28,1,0
BRDA:230,29,0,0
BRDA:230,29,1,0
BRDA:238,30,0,0
BRDA:238,30,1,0
BRDA:246,31,0,0
BRDA:246,31,1,0
BRDA:259,32,0,0
BRDA:259,32,1,0
BRDA:259,33,0,0
BRDA:259,33,1,0
BRDA:273,34,0,0
BRDA:273,34,1,0
BRDA:300,35,0,0
BRDA:300,35,1,0
BRDA:300,36,0,0
BRDA:300,36,1,0
BRDA:339,37,0,0
BRDA:339,37,1,0
BRDA:354,38,0,0
BRDA:354,38,1,0
BRDA:366,39,0,0
BRDA:366,39,1,0
BRDA:378,40,0,0
BRDA:378,40,1,0
BRF:81
BRH:0
end_of_record
TN:
SF:src\screens\FinancialSummaryScreen.js
FN:24,(anonymous_0)
FN:50,(anonymous_1)
FN:89,(anonymous_2)
FN:96,(anonymous_3)
FN:101,(anonymous_4)
FN:108,(anonymous_5)
FN:112,(anonymous_6)
FN:156,(anonymous_7)
FN:204,(anonymous_8)
FN:215,(anonymous_9)
FN:243,(anonymous_10)
FN:287,(anonymous_11)
FN:294,(anonymous_12)
FN:302,(anonymous_13)
FN:310,(anonymous_14)
FN:318,(anonymous_15)
FN:343,(anonymous_16)
FNF:17
FNH:0
FNDA:0,(anonymous_0)
FNDA:0,(anonymous_1)
FNDA:0,(anonymous_2)
FNDA:0,(anonymous_3)
FNDA:0,(anonymous_4)
FNDA:0,(anonymous_5)
FNDA:0,(anonymous_6)
FNDA:0,(anonymous_7)
FNDA:0,(anonymous_8)
FNDA:0,(anonymous_9)
FNDA:0,(anonymous_10)
FNDA:0,(anonymous_11)
FNDA:0,(anonymous_12)
FNDA:0,(anonymous_13)
FNDA:0,(anonymous_14)
FNDA:0,(anonymous_15)
FNDA:0,(anonymous_16)
DA:22,0
DA:24,0
DA:25,0
DA:26,0
DA:27,0
DA:30,0
DA:31,0
DA:38,0
DA:39,0
DA:40,0
DA:42,0
DA:43,0
DA:44,0
DA:45,0
DA:46,0
DA:47,0
DA:48,0
DA:50,0
DA:51,0
DA:52,0
DA:55,0
DA:56,0
DA:57,0
DA:61,0
DA:64,0
DA:65,0
DA:69,0
DA:70,0
DA:71,0
DA:75,0
DA:78,0
DA:79,0
DA:82,0
DA:83,0
DA:85,0
DA:89,0
DA:90,0
DA:91,0
DA:92,0
DA:95,0
DA:97,0
DA:101,0
DA:102,0
DA:108,0
DA:109,0
DA:112,0
DA:113,0
DA:115,0
DA:156,0
DA:157,0
DA:159,0
DA:204,0
DA:205,0
DA:207,0
DA:208,0
DA:210,0
DA:216,0
DA:243,0
DA:244,0
DA:246,0
DA:287,0
DA:288,0
DA:294,0
DA:302,0
DA:310,0
DA:318,0
DA:327,0
DA:328,0
DA:338,0
DA:343,0
DA:373,0
LF:71
LH:0
BRDA:30,0,0,0
BRDA:30,0,1,0
BRDA:30,1,0,0
BRDA:30,1,1,0
BRDA:30,1,2,0
BRDA:56,2,0,0
BRDA:56,2,1,0
BRDA:56,3,0,0
BRDA:56,3,1,0
BRDA:64,4,0,0
BRDA:64,4,1,0
BRDA:64,5,0,0
BRDA:64,5,1,0
BRDA:70,6,0,0
BRDA:70,6,1,0
BRDA:70,7,0,0
BRDA:70,7,1,0
BRDA:78,8,0,0
BRDA:78,8,1,0
BRDA:78,9,0,0
BRDA:78,9,1,0
BRDA:102,10,0,0
BRDA:102,10,1,0
BRDA:109,11,0,0
BRDA:109,11,1,0
BRDA:113,12,0,0
BRDA:113,12,1,0
BRDA:157,13,0,0
BRDA:157,13,1,0
BRDA:157,14,0,0
BRDA:157,14,1,0
BRDA:205,15,0,0
BRDA:205,15,1,0
BRDA:205,16,0,0
BRDA:205,16,1,0
BRDA:205,16,2,0
BRDA:208,17,0,0
BRDA:208,17,1,0
BRDA:220,18,0,0
BRDA:220,18,1,0
BRDA:222,19,0,0
BRDA:222,19,1,0
BRDA:244,20,0,0
BRDA:244,20,1,0
BRDA:327,21,0,0
BRDA:327,21,1,0
BRDA:327,22,0,0
BRDA:327,22,1,0
BRF:48
BRH:0
end_of_record
TN:
SF:src\screens\FlockPerformanceScreen.js
FN:32,(anonymous_0)
FN:44,(anonymous_1)
FN:77,(anonymous_2)
FN:84,(anonymous_3)
FN:92,(anonymous_4)
FN:100,(anonymous_5)
FN:103,(anonymous_6)
FN:112,(anonymous_7)
FN:120,(anonymous_8)
FN:123,(anonymous_9)
[...]
BRDA:409,56,0,1
BRDA:410,57,0,1
BRDA:410,57,1,2
BRDA:428,58,0,1
BRDA:429,59,0,1
BRDA:429,59,1,2
BRDA:429,60,0,3
BRDA:429,60,1,2
BRDA:448,61,0,2
BRDA:448,61,1,2
BRDA:448,62,0,4
BRDA:448,62,1,2
BRDA:471,63,0,0
BRDA:471,63,1,0
BRDA:471,63,2,0
BRDA:484,64,0,0
BRDA:485,65,0,0
BRDA:485,65,1,0
BRDA:492,66,0,0
BRDA:492,66,1,0
BRDA:506,67,0,0
BRDA:506,67,1,0
BRDA:516,68,0,0
BRDA:516,68,1,0
BRDA:516,69,0,0
BRDA:516,69,1,0
BRDA:540,70,0,0
BRDA:540,70,1,0
BRDA:540,71,0,0
BRDA:540,71,1,0
BRDA:540,71,2,0
BRDA:569,72,0,0
BRDA:569,72,1,0
BRDA:569,73,0,0
BRDA:569,73,1,0
BRDA:569,73,2,0
BRDA:594,74,0,0
BRDA:594,74,1,0
BRDA:594,75,0,0
BRDA:594,75,1,0
BRDA:622,76,0,1
BRDA:622,76,1,3
BRDA:662,77,0,4
BRDA:662,77,1,2
BRDA:671,78,0,2
BRDA:671,78,1,4
BRDA:671,79,0,6
BRDA:671,79,1,5
BRDA:689,80,0,1
BRDA:709,81,0,1
BRDA:721,82,0,1
BRF:144
BRH:99
end_of_record
TN:
SF:src\utils\logger.js
FN:41,(anonymous_0)
FN:51,(anonymous_1)
FN:61,(anonymous_2)
FN:71,(anonymous_3)
FN:81,(anonymous_4)
FN:100,(anonymous_5)
FN:109,(anonymous_6)
FN:119,(anonymous_7)
FN:129,(anonymous_8)
FN:138,(anonymous_9)
FN:148,(anonymous_10)
FN:156,(anonymous_11)
FN:167,(anonymous_12)
FN:175,(anonymous_13)
FN:184,(anonymous_14)
FN:193,(anonymous_15)
FN:202,(anonymous_16)
FNF:17
FNH:0
FNDA:0,(anonymous_0)
FNDA:0,(anonymous_1)
FNDA:0,(anonymous_2)
FNDA:0,(anonymous_3)
FNDA:0,(anonymous_4)
FNDA:0,(anonymous_5)
FNDA:0,(anonymous_6)
FNDA:0,(anonymous_7)
FNDA:0,(anonymous_8)
FNDA:0,(anonymous_9)
FNDA:0,(anonymous_10)
FNDA:0,(anonymous_11)
FNDA:0,(anonymous_12)
FNDA:0,(anonymous_13)
FNDA:0,(anonymous_14)
FNDA:0,(anonymous_15)
FNDA:0,(anonymous_16)
DA:31,0
DA:36,0
DA:42,0
DA:43,0
DA:52,0
DA:53,0
DA:62,0
DA:63,0
DA:72,0
DA:82,0
DA:101,0
DA:102,0
DA:110,0
DA:111,0
DA:120,0
DA:121,0
DA:130,0
DA:131,0
DA:139,0
DA:140,0
DA:148,0
DA:149,0
DA:150,0
DA:151,0
DA:152,0
DA:156,0
DA:157,0
DA:158,0
DA:159,0
DA:160,0
DA:162,0
DA:163,0
DA:167,0
DA:168,0
DA:175,0
DA:176,0
DA:177,0
DA:184,0
DA:185,0
DA:186,0
DA:193,0
DA:194,0
DA:195,0
DA:202,0
DA:203,0
DA:204,0
DA:205,0
DA:206,0
DA:207,0
DA:208,0
DA:210,0
LF:51
LH:0
BRDA:42,0,0,0
BRDA:42,0,1,0
BRDA:52,1,0,0
BRDA:52,1,1,0
BRDA:62,2,0,0
BRDA:62,2,1,0
BRDA:101,3,0,0
BRDA:101,3,1,0
BRDA:110,4,0,0
BRDA:110,4,1,0
BRDA:120,5,0,0
BRDA:120,5,1,0
BRDA:120,6,0,0
BRDA:120,6,1,0
BRDA:130,7,0,0
BRDA:130,7,1,0
BRDA:130,8,0,0
BRDA:130,8,1,0
BRDA:139,9,0,0
BRDA:139,9,1,0
BRDA:139,10,0,0
BRDA:139,10,1,0
BRDA:148,11,0,0
BRDA:149,12,0,0
BRDA:149,12,1,0
BRDA:156,13,0,0
BRDA:156,14,0,0
BRDA:157,15,0,0
BRDA:157,15,1,0
BRDA:159,16,0,0
BRDA:159,16,1,0
BRDA:175,17,0,0
BRDA:176,18,0,0
BRDA:176,18,1,0
BRDA:177,19,0,0
BRDA:177,19,1,0
BRDA:185,20,0,0
BRDA:185,20,1,0
BRDA:193,21,0,0
BRDA:194,22,0,0
BRDA:194,22,1,0
BRDA:195,23,0,0
BRDA:195,23,1,0
BRDA:203,24,0,0
BRDA:203,24,1,0
BRF:45
BRH:0
end_of_record
TN:
SF:src\utils\memoryLeakDetector.js
FN:8,(anonymous_0)
FN:18,(anonymous_1)
FN:24,(anonymous_2)
FN:30,(anonymous_3)
FN:47,(anonymous_4)
FN:54,(anonymous_5)
FN:71,(anonymous_6)
FN:78,(anonymous_7)
FN:94,(anonymous_8)
FN:100,(anonymous_9)
FN:115,(anonymous_10)
FN:125,(anonymous_11)
FN:173,(anonymous_12)
FN:182,(anonymous_13)
FN:221,(anonymous_14)
FN:227,(anonymous_15)
FN:228,(anonymous_16)
FN:248,(anonymous_17)
FN:256,(anonymous_18)
FN:257,(anonymous_19)
FNF:20
FNH:0
FNDA:0,(anonymous_0)
FNDA:0,(anonymous_1)
FNDA:0,(anonymous_2)
FNDA:0,(anonymous_3)
FNDA:0,(anonymous_4)
FNDA:0,(anonymous_5)
FNDA:0,(anonymous_6)
FNDA:0,(anonymous_7)
FNDA:0,(anonymous_8)
FNDA:0,(anonymous_9)
FNDA:0,(anonymous_10)
FNDA:0,(anonymous_11)
FNDA:0,(anonymous_12)
FNDA:0,(anonymous_13)
FNDA:0,(anonymous_14)
FNDA:0,(anonymous_15)
FNDA:0,(anonymous_16)
FNDA:0,(anonymous_17)
FNDA:0,(anonymous_18)
FNDA:0,(anonymous_19)
DA:9,0
DA:10,0
DA:11,0
DA:12,0
DA:13,0
DA:14,0
DA:19,0
DA:20,0
DA:25,0
DA:26,0
DA:31,0
DA:32,0
DA:39,0
DA:40,0
DA:43,0
DA:48,0
DA:49,0
DA:50,0
DA:55,0
DA:56,0
DA:63,0
DA:64,0
DA:67,0
DA:72,0
DA:73,0
DA:74,0
DA:79,0
DA:80,0
DA:81,0
DA:83,0
DA:88,0
DA:89,0
DA:95,0
DA:96,0
DA:101,0
DA:102,0
DA:109,0
DA:110,0
DA:116,0
DA:117,0
DA:118,0
DA:119,0
DA:121,0
DA:126,0
DA:129,0
DA:130,0
DA:131,0
DA:132,0
DA:133,0
DA:138,0
DA:139,0
DA:140,0
DA:141,0
DA:142,0
DA:147,0
DA:148,0
DA:149,0
DA:150,0
DA:155,0
DA:156,0
DA:157,0
DA:158,0
DA:160,0
DA:161,0
DA:165,0
DA:166,0
DA:169,0
DA:174,0
DA:175,0
DA:176,0
DA:178,0
DA:183,0
DA:194,0
DA:195,0
DA:198,0
DA:199,0
DA:200,0
DA:208,0
DA:209,0
DA:210,0
DA:217,0
DA:222,0
DA:223,0
DA:228,0
DA:229,0
DA:231,0
DA:235,0
DA:238,0
DA:239,0
DA:249,0
DA:250,0
DA:251,0
DA:257,0
DA:258,0
DA:264,0
DA:267,0
DA:268,0
LF:97
LH:0
BRDA:39,0,0,0
BRDA:39,0,1,0
BRDA:63,1,0,0
BRDA:63,1,1,0
BRDA:80,2,0,0
BRDA:80,2,1,0
BRDA:88,3,0,0
BRDA:88,3,1,0
BRDA:109,4,0,0
BRDA:109,4,1,0
BRDA:118,5,0,0
BRDA:118,5,1,0
BRDA:118,6,0,0
BRDA:118,6,1,0
BRDA:130,7,0,0
BRDA:130,7,1,0
BRDA:139,8,0,0
BRDA:139,8,1,0
BRDA:148,9,0,0
BRDA:148,9,1,0
BRDA:156,10,0,0
BRDA:156,10,1,0
BRDA:157,11,0,0
BRDA:157,11,1,0
BRDA:165,12,0,0
BRDA:165,12,1,0
BRDA:199,13,0,0
BRDA:199,13,1,0
BRDA:209,14,0,0
BRDA:209,14,1,0
BRDA:227,15,0,0
BRDA:231,16,0,0
BRDA:231,16,1,0
BRDA:231,17,0,0
BRDA:231,17,1,0
BRDA:231,17,2,0
BRDA:231,17,3,0
BRDA:238,18,0,0
BRDA:238,18,1,0
BRDA:238,19,0,0
BRDA:238,19,1,0
BRDA:249,20,0,0
BRDA:249,20,1,0
BRDA:267,21,0,0
BRDA:267,21,1,0
BRF:45
BRH:0
end_of_record
TN:
SF:src\utils\memoryManager.js
FN:9,(anonymous_0)
FN:23,(anonymous_1)
FN:32,(anonymous_2)
FN:50,(anonymous_3)
FN:77,(anonymous_4)
FN:80,(anonymous_5)
FN:92,(anonymous_6)
FN:100,(anonymous_7)
FN:109,(anonymous_8)
FN:144,(anonymous_9)
FN:181,(anonymous_10)
FN:201,(anonymous_11)
FN:240,(anonymous_12)
FN:276,(anonymous_13)
FN:277,(anonymous_14)
FN:330,(anonymous_15)
FN:369,(anonymous_16)
FN:398,(anonymous_17)
FNF:18
FNH:3
FNDA:3,(anonymous_0)
FNDA:0,(anonymous_1)
FNDA:0,(anonymous_2)
FNDA:0,(anonymous_3)
FNDA:0,(anonymous_4)
FNDA:0,(anonymous_5)
FNDA:0,(anonymous_6)
FNDA:0,(anonymous_7)
FNDA:0,(anonymous_8)
FNDA:0,(anonymous_9)
FNDA:0,(anonymous_10)
FNDA:0,(anonymous_11)
FNDA:25,(anonymous_12)
FNDA:0,(anonymous_13)
FNDA:0,(anonymous_14)
FNDA:1,(anonymous_15)
FNDA:0,(anonymous_16)
FNDA:0,(anonymous_17)
DA:10,3
DA:11,3
DA:12,3
DA:13,3
DA:14,3
DA:15,3
DA:16,3
DA:17,3
DA:24,0
DA:26,0
DA:32,0
DA:33,0
DA:41,0
DA:43,0
DA:51,0
DA:52,0
DA:53,0
DA:54,0
DA:57,0
DA:58,0
DA:59,0
DA:62,0
DA:63,0
DA:64,0
DA:67,0
DA:68,0
DA:70,0
DA:78,0
DA:79,0
DA:80,0
DA:83,0
DA:89,0
DA:92,0
DA:93,0
DA:100,3
DA:101,0
DA:102,0
DA:103,0
DA:109,3
DA:110,0
DA:111,0
DA:114,0
DA:116,0
DA:119,0
DA:120,0
DA:121,0
DA:122,0
DA:126,0
DA:127,0
DA:131,0
DA:132,0
DA:133,0
DA:137,0
DA:145,0
DA:146,0
DA:149,0
DA:152,0
DA:161,0
DA:162,0
DA:163,0
DA:170,0
DA:172,0
DA:174,0
DA:182,0
DA:187,0
DA:189,0
DA:190,0
DA:191,0
DA:194,0
DA:202,0
DA:203,0
DA:204,0
DA:207,0
DA:208,0
DA:210,0
DA:211,0
DA:212,0
DA:213,0
DA:214,0
DA:222,0
DA:223,0
DA:225,0
DA:232,0
DA:233,0
DA:242,25
DA:243,0
DA:244,0
DA:248,25
DA:249,25
DA:250,24
DA:251,24
DA:254,1
DA:255,1
DA:257,1
DA:259,1
DA:268,1
DA:270,1
DA:272,1
DA:273,0
DA:274,0
DA:277,0
DA:280,0
DA:281,0
DA:283,0
DA:284,0
DA:289,1
DA:290,1
DA:291,1
DA:293,0
DA:297,1
DA:298,0
DA:299,0
DA:300,0
DA:301,0
DA:303,0
DA:307,1
DA:310,0
DA:311,0
DA:312,0
DA:314,1
DA:318,1
DA:319,1
DA:321,0
DA:324,1
DA:331,1
DA:333,1
DA:341,1
DA:342,5
DA:343,5
DA:344,5
DA:345,0
DA:348,0
DA:349,0
DA:350,0
DA:351,0
DA:359,1
DA:361,0
DA:362,0
DA:370,0
DA:371,0
DA:372,0
DA:374,0
DA:390,0
DA:391,0
DA:399,0
DA:400,0
DA:405,3
LF:147
LH:39
BRDA:15,0,0,3
BRDA:15,0,1,0
BRDA:52,1,0,0
BRDA:52,1,1,0
BRDA:57,2,0,0
BRDA:57,2,1,0
BRDA:62,3,0,0
BRDA:62,3,1,0
BRDA:77,4,0,0
BRDA:78,5,0,0
BRDA:78,5,1,0
BRDA:110,6,0,0
BRDA:110,6,1,0
BRDA:119,7,0,0
BRDA:119,7,1,0
BRDA:126,8,0,0
BRDA:126,8,1,0
BRDA:126,9,0,0
BRDA:126,9,1,0
BRDA:131,10,0,0
BRDA:131,10,1,0
BRDA:131,11,0,0
BRDA:131,11,1,0
BRDA:189,12,0,0
BRDA:189,12,1,0
BRDA:213,13,0,0
BRDA:213,13,1,0
BRDA:240,14,0,0
BRDA:242,15,0,0
BRDA:242,15,1,25
BRDA:249,16,0,24
BRDA:249,16,1,1
BRDA:297,17,0,0
BRDA:297,17,1,1
BRDA:344,18,0,0
BRDA:344,18,1,5
BRDA:348,19,0,0
BRDA:348,19,1,0
BRDA:348,20,0,0
BRDA:348,20,1,0
BRDA:377,21,0,0
BRDA:377,21,1,0
BRF:42
BRH:6
end_of_record
TN:
SF:src\utils\navigationHelpers.js
FN:15,(anonymous_0)
FN:45,(anonymous_1)
FN:80,(anonymous_2)
FN:111,(anonymous_3)
FN:143,(anonymous_4)
FN:174,(anonymous_5)
FN:204,(anonymous_6)
FN:227,(anonymous_7)
FN:260,(anonymous_8)
FN:292,(anonymous_9)
FN:326,(anonymous_10)
FNF:11
FNH:0
FNDA:0,(anonymous_0)
FNDA:0,(anonymous_1)
FNDA:0,(anonymous_2)
FNDA:0,(anonymous_3)
FNDA:0,(anonymous_4)
FNDA:0,(anonymous_5)
FNDA:0,(anonymous_6)
FNDA:0,(anonymous_7)
FNDA:0,(anonymous_8)
FNDA:0,(anonymous_9)
FNDA:0,(anonymous_10)
DA:15,0
DA:16,0
DA:17,0
DA:18,0
DA:19,0
DA:22,0
DA:23,0
DA:24,0
DA:27,0
DA:28,0
DA:29,0
DA:32,0
DA:33,0
DA:35,0
DA:36,0
DA:45,0
DA:46,0
DA:47,0
DA:48,0
DA:49,0
DA:52,0
DA:53,0
DA:54,0
DA:58,0
DA:59,0
DA:60,0
DA:61,0
DA:65,0
DA:66,0
DA:68,0
DA:69,0
DA:80,0
DA:81,0
DA:82,0
DA:83,0
DA:84,0
DA:87,0
DA:88,0
DA:89,0
DA:92,0
DA:93,0
DA:94,0
DA:97,0
DA:98,0
DA:100,0
DA:101,0
DA:111,0
DA:112,0
DA:113,0
DA:114,0
DA:115,0
DA:118,0
DA:119,0
DA:120,0
DA:123,0
DA:124,0
DA:125,0
DA:128,0
DA:129,0
DA:131,0
DA:132,0
DA:143,0
DA:144,0
DA:145,0
DA:146,0
DA:147,0
DA:150,0
DA:151,0
DA:152,0
DA:155,0
DA:156,0
DA:157,0
DA:160,0
DA:161,0
DA:163,0
DA:164,0
DA:174,0
DA:175,0
DA:176,0
DA:177,0
DA:178,0
DA:181,0
DA:182,0
DA:183,0
DA:186,0
DA:187,0
DA:188,0
DA:191,0
DA:192,0
DA:194,0
DA:195,0
DA:204,0
DA:205,0
DA:206,0
DA:207,0
DA:210,0
DA:211,0
DA:214,0
DA:215,0
DA:217,0
DA:218,0
DA:227,0
DA:228,0
DA:229,0
DA:230,0
DA:231,0
DA:234,0
DA:235,0
DA:236,0
DA:240,0
DA:241,0
DA:242,0
DA:243,0
DA:246,0
DA:247,0
DA:249,0
DA:250,0
DA:260,0
DA:261,0
DA:262,0
DA:263,0
DA:264,0
DA:267,0
DA:268,0
DA:269,0
DA:272,0
DA:273,0
DA:274,0
DA:277,0
DA:278,0
DA:280,0
DA:281,0
DA:292,0
DA:293,0
DA:294,0
DA:295,0
DA:296,0
DA:299,0
DA:300,0
DA:301,0
DA:304,0
DA:305,0
DA:306,0
DA:309,0
DA:310,0
DA:311,0
DA:314,0
DA:316,0
DA:317,0
DA:326,0
DA:327,0
DA:328,0
DA:329,0
DA:330,0
DA:333,0
DA:334,0
DA:336,0
DA:337,0
LF:158
LH:0
BRDA:15,0,0,0
BRDA:17,1,0,0
BRDA:17,1,1,0
BRDA:22,2,0,0
BRDA:22,2,1,0
BRDA:22,3,0,0
BRDA:22,3,1,0
BRDA:27,4,0,0
BRDA:27,4,1,0
BRDA:47,5,0,0
BRDA:47,5,1,0
BRDA:52,6,0,0
BRDA:52,6,1,0
BRDA:58,7,0,0
BRDA:58,7,1,0
BRDA:58,8,0,0
BRDA:58,8,1,0
BRDA:59,9,0,0
BRDA:59,9,1,0
BRDA:80,10,0,0
BRDA:82,11,0,0
BRDA:82,11,1,0
BRDA:87,12,0,0
BRDA:87,12,1,0
BRDA:87,13,0,0
BRDA:87,13,1,0
BRDA:92,14,0,0
BRDA:92,14,1,0
BRDA:92,15,0,0
BRDA:92,15,1,0
BRDA:98,16,0,0
BRDA:98,16,1,0
BRDA:113,17,0,0
BRDA:113,17,1,0
BRDA:118,18,0,0
BRDA:118,18,1,0
BRDA:118,19,0,0
BRDA:118,19,1,0
BRDA:123,20,0,0
BRDA:123,20,1,0
BRDA:143,21,0,0
BRDA:145,22,0,0
BRDA:145,22,1,0
BRDA:150,23,0,0
BRDA:150,23,1,0
BRDA:150,24,0,0
BRDA:150,24,1,0
BRDA:155,25,0,0
BRDA:155,25,1,0
BRDA:176,26,0,0
BRDA:176,26,1,0
BRDA:181,27,0,0
BRDA:181,27,1,0
BRDA:181,28,0,0
BRDA:181,28,1,0
BRDA:186,29,0,0
BRDA:186,29,1,0
BRDA:206,30,0,0
BRDA:206,30,1,0
BRDA:210,31,0,0
BRDA:210,31,1,0
BRDA:229,32,0,0
BRDA:229,32,1,0
BRDA:234,33,0,0
BRDA:234,33,1,0
BRDA:236,34,0,0
BRDA:236,34,1,0
BRDA:240,35,0,0
BRDA:240,35,1,0
BRDA:241,36,0,0
BRDA:241,36,1,0
BRDA:241,37,0,0
BRDA:241,37,1,0
BRDA:241,37,2,0
BRDA:243,38,0,0
BRDA:243,38,1,0
BRDA:262,39,0,0
BRDA:262,39,1,0
BRDA:267,40,0,0
BRDA:267,40,1,0
BRDA:267,41,0,0
BRDA:267,41,1,0
BRDA:272,42,0,0
BRDA:272,42,1,0
BRDA:294,43,0,0
BRDA:294,43,1,0
BRDA:299,44,0,0
BRDA:299,44,1,0
BRDA:299,45,0,0
BRDA:299,45,1,0
BRDA:304,46,0,0
BRDA:304,46,1,0
BRDA:309,47,0,0
BRDA:309,47,1,0
BRDA:328,48,0,0
BRDA:328,48,1,0
BRDA:328,49,0,0
BRDA:328,49,1,0
BRF:98
BRH:0
end_of_record
TN:
SF:src\utils\performanceOptimizer.js
FN:7,(anonymous_0)
FN:20,(anonymous_1)
FN:33,(anonymous_2)
FN:55,(anonymous_3)
FN:67,(anonymous_4)
FN:87,(anonymous_5)
FN:97,(anonymous_6)
FN:99,executedFunction
FN:100,(anonymous_8)
FN:115,(anonymous_9)
FN:117,executedFunction
FN:121,(anonymous_11)
FN:133,(anonymous_12)
FN:143,(anonymous_13)
FN:156,(anonymous_14)
FN:181,(anonymous_15)
FN:188,(anonymous_16)
FN:202,(anonymous_17)
FN:216,(anonymous_18)
FN:230,(anonymous_19)
FN:244,(anonymous_20)
FN:249,(anonymous_21)
FN:268,(anonymous_22)
FN:276,(anonymous_23)
FN:297,(anonymous_24)
FNF:25
FNH:1
FNDA:4,(anonymous_0)
FNDA:0,(anonymous_1)
FNDA:0,(anonymous_2)
FNDA:0,(anonymous_3)
FNDA:0,(anonymous_4)
FNDA:0,(anonymous_5)
FNDA:0,(anonymous_6)
FNDA:0,executedFunction
FNDA:0,(anonymous_8)
FNDA:0,(anonymous_9)
FNDA:0,executedFunction
FNDA:0,(anonymous_11)
FNDA:0,(anonymous_12)
FNDA:0,(anonymous_13)
FNDA:0,(anonymous_14)
FNDA:0,(anonymous_15)
FNDA:0,(anonymous_16)
FNDA:0,(anonymous_17)
FNDA:0,(anonymous_18)
FNDA:0,(anonymous_19)
FNDA:0,(anonymous_20)
FNDA:0,(anonymous_21)
FNDA:0,(anonymous_22)
FNDA:0,(anonymous_23)
FNDA:0,(anonymous_24)
DA:8,4
DA:9,4
DA:10,4
DA:11,4
DA:21,0
DA:34,0
DA:35,0
DA:36,0
DA:37,0
DA:40,0
DA:41,0
DA:42,0
DA:43,0
DA:44,0
DA:47,0
DA:48,0
DA:56,0
DA:57,0
DA:59,0
DA:68,0
DA:69,0
DA:71,0
DA:88,0
DA:99,0
DA:100,0
DA:101,0
DA:102,0
DA:104,0
DA:105,0
DA:117,0
DA:118,0
DA:119,0
DA:120,0
DA:121,0
DA:134,0
DA:136,0
DA:137,0
DA:138,0
DA:139,0
DA:142,0
DA:143,0
DA:147,0
DA:157,0
DA:158,0
DA:159,0
DA:160,0
DA:162,0
DA:164,0
DA:165,0
DA:168,0
DA:170,0
DA:171,0
DA:172,0
DA:182,0
DA:188,0
DA:203,0
DA:204,0
DA:206,0
DA:207,0
DA:218,0
DA:219,0
DA:222,0
DA:231,0
DA:232,0
DA:233,0
DA:234,0
DA:245,0
DA:246,0
DA:248,0
DA:249,0
DA:250,0
DA:251,0
DA:254,0
DA:255,0
DA:257,0
DA:258,0
DA:262,0
DA:269,0
DA:270,0
DA:277,0
DA:278,0
DA:280,0
DA:281,0
DA:282,0
DA:283,0
DA:287,0
DA:288,0
DA:294,4
DA:297,4
DA:298,0
LF:90
LH:6
BRDA:20,0,0,0
BRDA:35,1,0,0
BRDA:35,1,1,0
BRDA:41,2,0,0
BRDA:41,2,1,0
BRDA:55,3,0,0
BRDA:56,4,0,0
BRDA:56,4,1,0
BRDA:69,5,0,0
BRDA:69,5,1,0
BRDA:87,6,0,0
BRDA:87,7,0,0
BRDA:97,8,0,0
BRDA:115,9,0,0
BRDA:118,10,0,0
BRDA:118,10,1,0
BRDA:133,11,0,0
BRDA:142,12,0,0
BRDA:142,12,1,0
BRDA:156,13,0,0
BRDA:164,14,0,0
BRDA:164,14,1,0
BRDA:181,15,0,0
BRDA:202,16,0,0
BRDA:218,17,0,0
BRDA:218,17,1,0
BRDA:231,18,0,0
BRDA:231,18,1,0
BRDA:232,19,0,0
BRDA:232,19,1,0
BRDA:233,20,0,0
BRDA:233,20,1,0
BRDA:244,21,0,0
BRDA:257,22,0,0
BRDA:257,22,1,0
BRDA:281,23,0,0
BRDA:281,23,1,0
BRDA:287,24,0,0
BRDA:287,24,1,0
BRF:39
BRH:0
end_of_record
TN:
SF:src\utils\safeRender.js
FN:22,(anonymous_0)
FN:34,(anonymous_1)
FN:70,(anonymous_2)
FN:89,(anonymous_3)
FN:120,(anonymous_4)
FN:147,(anonymous_5)
FN:189,(anonymous_6)
FN:211,(anonymous_7)
FN:240,(anonymous_8)
FN:265,(anonymous_9)
FN:268,(anonymous_10)
FN:283,(anonymous_11)
FN:291,(anonymous_12)
FN:302,(anonymous_13)
FNF:14
FNH:0
FNDA:0,(anonymous_0)
FNDA:0,(anonymous_1)
FNDA:0,(anonymous_2)
FNDA:0,(anonymous_3)
FNDA:0,(anonymous_4)
FNDA:0,(anonymous_5)
FNDA:0,(anonymous_6)
FNDA:0,(anonymous_7)
FNDA:0,(anonymous_8)
FNDA:0,(anonymous_9)
FNDA:0,(anonymous_10)
FNDA:0,(anonymous_11)
FNDA:0,(anonymous_12)
FNDA:0,(anonymous_13)
DA:22,0
DA:24,0
DA:25,0
DA:29,0
DA:30,0
DA:33,0
DA:34,0
DA:39,0
DA:40,0
DA:44,0
DA:45,0
DA:47,0
DA:48,0
DA:53,0
DA:54,0
DA:58,0
DA:70,0
DA:71,0
DA:72,0
DA:73,0
DA:76,0
DA:77,0
DA:89,0
DA:90,0
DA:91,0
DA:92,0
DA:95,0
DA:98,0
DA:99,0
DA:102,0
DA:103,0
DA:107,0
DA:110,0
DA:120,0
DA:121,0
DA:122,0
DA:125,0
DA:126,0
DA:129,0
DA:130,0
DA:134,0
DA:137,0
DA:147,0
DA:148,0
DA:149,0
DA:152,0
DA:153,0
DA:155,0
DA:156,0
DA:159,0
DA:161,0
DA:164,0
DA:172,0
DA:175,0
DA:178,0
DA:179,0
DA:189,0
DA:190,0
DA:191,0
DA:192,0
DA:193,0
DA:194,0
DA:195,0
DA:197,0
DA:198,0
DA:199,0
DA:200,0
DA:201,0
DA:211,0
DA:217,0
DA:219,0
DA:220,0
DA:223,0
DA:225,0
DA:226,0
DA:227,0
DA:230,0
DA:231,0
DA:240,0
DA:242,0
DA:243,0
DA:247,0
DA:250,0
DA:254,0
DA:265,0
DA:266,0
DA:268,0
DA:269,0
DA:270,0
DA:274,0
DA:283,0
DA:284,0
DA:285,0
DA:286,0
DA:289,0
DA:291,0
DA:292,0
DA:293,0
DA:294,0
DA:298,0
DA:299,0
DA:301,0
DA:302,0
DA:303,0
LF:104
LH:0
BRDA:22,0,0,0
BRDA:24,1,0,0
BRDA:24,1,1,0
BRDA:24,2,0,0
BRDA:24,2,1,0
BRDA:29,3,0,0
BRDA:29,3,1,0
BRDA:33,4,0,0
BRDA:33,4,1,0
BRDA:39,5,0,0
BRDA:39,5,1,0
BRDA:53,6,0,0
BRDA:53,6,1,0
BRDA:54,7,0,0
BRDA:54,7,1,0
BRDA:70,8,0,0
BRDA:71,9,0,0
BRDA:71,9,1,0
BRDA:71,10,0,0
BRDA:71,10,1,0
BRDA:89,11,0,0
BRDA:90,12,0,0
BRDA:90,12,1,0
BRDA:92,13,0,0
BRDA:92,13,1,0
BRDA:98,14,0,0
BRDA:98,14,1,0
BRDA:98,15,0,0
BRDA:98,15,1,0
BRDA:102,16,0,0
BRDA:102,16,1,0
BRDA:107,17,0,0
BRDA:107,17,1,0
BRDA:110,18,0,0
BRDA:110,18,1,0
BRDA:121,19,0,0
BRDA:121,19,1,0
BRDA:122,20,0,0
BRDA:122,20,1,0
BRDA:125,21,0,0
BRDA:125,21,1,0
BRDA:125,22,0,0
BRDA:125,22,1,0
BRDA:129,23,0,0
BRDA:129,23,1,0
BRDA:130,24,0,0
BRDA:130,24,1,0
BRDA:147,25,0,0
BRDA:148,26,0,0
BRDA:148,26,1,0
BRDA:153,27,0,0
BRDA:153,27,1,0
BRDA:155,28,0,0
BRDA:155,28,1,0
BRDA:159,29,0,0
BRDA:159,29,1,0
BRDA:159,29,2,0
BRDA:159,29,3,0
BRDA:197,30,0,0
BRDA:197,30,1,0
BRDA:198,31,0,0
BRDA:198,31,1,0
BRDA:199,32,0,0
BRDA:199,32,1,0
BRDA:200,33,0,0
BRDA:200,33,1,0
BRDA:211,34,0,0
BRDA:213,35,0,0
BRDA:214,36,0,0
BRDA:215,37,0,0
BRDA:216,38,0,0
BRDA:219,39,0,0
BRDA:219,39,1,0
BRDA:219,40,0,0
BRDA:219,40,1,0
BRDA:225,41,0,0
BRDA:225,41,1,0
BRDA:242,42,0,0
BRDA:242,42,1,0
BRDA:242,43,0,0
BRDA:242,43,1,0
BRDA:247,44,0,0
BRDA:247,44,1,0
BRDA:247,45,0,0
BRDA:247,45,1,0
BRDA:247,45,2,0
BRDA:265,46,0,0
BRDA:269,47,0,0
BRDA:269,47,1,0
BRDA:283,48,0,0
BRDA:284,49,0,0
BRDA:284,49,1,0
BRDA:284,50,0,0
BRDA:284,50,1,0
BRDA:293,51,0,0
BRDA:293,51,1,0
BRDA:293,52,0,0
BRDA:293,52,1,0
BRDA:294,53,0,0
BRDA:294,53,1,0
BRDA:298,54,0,0
BRDA:298,54,1,0
BRF:102
BRH:0
end_of_record
TN:
SF:src\utils\silentErrorHandler.js
FN:23,(anonymous_0)
FN:66,(anonymous_1)
FN:86,(anonymous_2)
FN:96,(anonymous_3)
FN:112,(anonymous_4)
FN:127,(anonymous_5)
FN:128,(anonymous_6)
FN:142,(anonymous_7)
FN:149,(anonymous_8)
FN:157,(anonymous_9)
FN:165,(anonymous_10)
FN:188,(anonymous_11)
FN:205,(anonymous_12)
FN:221,(anonymous_13)
FN:233,(anonymous_14)
FN:243,(anonymous_15)
FN:244,(anonymous_16)
FNF:17
FNH:0
FNDA:0,(anonymous_0)
FNDA:0,(anonymous_1)
FNDA:0,(anonymous_2)
FNDA:0,(anonymous_3)
FNDA:0,(anonymous_4)
FNDA:0,(anonymous_5)
FNDA:0,(anonymous_6)
FNDA:0,(anonymous_7)
FNDA:0,(anonymous_8)
FNDA:0,(anonymous_9)
FNDA:0,(anonymous_10)
FNDA:0,(anonymous_11)
FNDA:0,(anonymous_12)
FNDA:0,(anonymous_13)
FNDA:0,(anonymous_14)
FNDA:0,(anonymous_15)
FNDA:0,(anonymous_16)
DA:13,0
DA:14,0
DA:23,0
DA:25,0
DA:28,0
DA:37,0
DA:38,0
DA:39,0
DA:43,0
DA:44,0
DA:45,0
DA:47,0
DA:52,0
DA:66,0
DA:67,0
DA:69,0
DA:86,0
DA:96,0
DA:97,0
DA:98,0
DA:100,0
DA:101,0
DA:112,0
DA:113,0
DA:114,0
DA:116,0
DA:117,0
DA:127,0
DA:128,0
DA:129,0
DA:130,0
DA:132,0
DA:133,0
DA:142,0
DA:143,0
DA:149,0
DA:150,0
DA:157,0
DA:158,0
DA:165,0
DA:167,0
DA:168,0
DA:170,0
DA:173,0
DA:174,0
DA:178,0
DA:188,0
DA:189,0
DA:190,0
DA:191,0
DA:193,0
DA:194,0
DA:205,0
DA:206,0
DA:207,0
DA:208,0
DA:210,0
DA:211,0
DA:221,0
DA:222,0
DA:224,0
DA:232,0
DA:233,0
DA:243,0
DA:244,0
DA:245,0
DA:246,0
DA:248,0
DA:250,0
DA:256,0
LF:70
LH:0
BRDA:23,0,0,0
BRDA:23,1,0,0
BRDA:25,2,0,0
BRDA:25,2,1,0
BRDA:30,3,0,0
BRDA:30,3,1,0
BRDA:38,4,0,0
BRDA:38,4,1,0
BRDA:43,5,0,0
BRDA:43,5,1,0
BRDA:54,6,0,0
BRDA:54,6,1,0
BRDA:67,7,0,0
BRDA:67,7,1,0
BRDA:96,8,0,0
BRDA:96,9,0,0
BRDA:112,10,0,0
BRDA:112,11,0,0
BRDA:127,12,0,0
BRDA:133,13,0,0
BRDA:133,13,1,0
BRDA:167,14,0,0
BRDA:167,14,1,0
BRDA:173,15,0,0
BRDA:173,15,1,0
BRDA:188,16,0,0
BRDA:191,17,0,0
BRDA:191,17,1,0
BRDA:193,18,0,0
BRDA:193,18,1,0
BRDA:205,19,0,0
BRDA:208,20,0,0
BRDA:208,20,1,0
BRDA:210,21,0,0
BRDA:210,21,1,0
BRDA:222,22,0,0
BRDA:222,22,1,0
BRDA:232,23,0,0
BRDA:232,23,1,0
BRDA:243,24,0,0
BRF:40
BRH:0
end_of_record
TN:
SF:src\utils\testFeatures.js
FN:4,(anonymous_0)
FN:17,(anonymous_1)
FN:30,(anonymous_2)
FN:52,(anonymous_3)
FN:61,(anonymous_4)
FN:83,(anonymous_5)
FNF:6
FNH:0
FNDA:0,(anonymous_0)
FNDA:0,(anonymous_1)
FNDA:0,(anonymous_2)
FNDA:0,(anonymous_3)
FNDA:0,(anonymous_4)
FNDA:0,(anonymous_5)
DA:4,0
DA:5,0
DA:8,0
DA:9,0
DA:10,0
DA:13,0
DA:14,0
DA:17,0
DA:18,0
DA:21,0
DA:22,0
DA:23,0
DA:26,0
DA:27,0
DA:30,0
DA:31,0
DA:33,0
DA:42,0
DA:43,0
DA:44,0
DA:45,0
DA:48,0
DA:49,0
DA:52,0
DA:53,0
DA:56,0
DA:57,0
DA:60,0
DA:61,0
DA:63,0
DA:69,0
DA:70,0
DA:71,0
DA:72,0
DA:76,0
DA:79,0
DA:80,0
DA:83,0
DA:84,0
DA:86,0
DA:87,0
DA:88,0
DA:89,0
DA:90,0
DA:92,0
DA:93,0
DA:95,0
DA:96,0
LF:48
LH:0
BRDA:71,0,0,0
BRDA:71,0,1,0
BRF:2
BRH:0
end_of_record
